This file contains any messages produced by compilers while
running configure, to aid debugging if configure makes a mistake.

It was created by emacs configure 24.5, which was
generated by GNU Autoconf 2.69.  Invocation command line was

  $ ./configure 

## --------- ##
## Platform. ##
## --------- ##

hostname = sig-Aspire-one
uname -m = i686
uname -r = 4.2.0-23-generic
uname -s = Linux
uname -v = #28-Ubuntu SMP Sun Dec 27 17:48:35 UTC 2015

/usr/bin/uname -p = unknown
/bin/uname -X     = unknown

/bin/arch              = unknown
/usr/bin/arch -k       = unknown
/usr/convex/getsysinfo = unknown
/usr/bin/hostinfo      = unknown
/bin/machine           = unknown
/usr/bin/oslevel       = unknown
/bin/universe          = unknown

PATH: /usr/local/sbin
PATH: /usr/local/bin
PATH: /usr/sbin
PATH: /usr/bin
PATH: /sbin
PATH: /bin
PATH: /usr/games
PATH: /usr/local/games


## ----------- ##
## Core tests. ##
## ----------- ##

configure:3642: checking for xcrun
configure:3672: result: no
configure:3743: checking for a BSD-compatible install
configure:3811: result: /usr/bin/install -c
configure:3822: checking whether build environment is sane
configure:3877: result: yes
configure:4028: checking for a thread-safe mkdir -p
configure:4067: result: /bin/mkdir -p
configure:4074: checking for gawk
configure:4104: result: no
configure:4074: checking for mawk
configure:4090: found /usr/bin/mawk
configure:4101: result: mawk
configure:4112: checking whether make sets $(MAKE)
configure:4134: result: yes
configure:4163: checking whether make supports nested variables
configure:4180: result: yes
configure:4884: checking build system type
configure:4898: result: i686-pc-linux-gnu
configure:4918: checking host system type
configure:4931: result: i686-pc-linux-gnu
configure:5204: checking for gcc
configure:5220: found /usr/bin/gcc
configure:5231: result: gcc
configure:5262: checking for C compiler version
configure:5271: gcc --version >&5
gcc (Ubuntu 5.2.1-22ubuntu2) 5.2.1 20151010
Copyright (C) 2015 Free Software Foundation, Inc.
This is free software; see the source for copying conditions.  There is NO
warranty; not even for MERCHANTABILITY or FITNESS FOR A PARTICULAR PURPOSE.

configure:5282: $? = 0
configure:5271: gcc -v >&5
Using built-in specs.
COLLECT_GCC=gcc
COLLECT_LTO_WRAPPER=/usr/lib/gcc/i686-linux-gnu/5/lto-wrapper
Target: i686-linux-gnu
Configured with: ../src/configure -v --with-pkgversion='Ubuntu 5.2.1-22ubuntu2' --with-bugurl=file:///usr/share/doc/gcc-5/README.Bugs --enable-languages=c,ada,c++,java,go,d,fortran,objc,obj-c++ --prefix=/usr --program-suffix=-5 --enable-shared --enable-linker-build-id --libexecdir=/usr/lib --without-included-gettext --enable-threads=posix --libdir=/usr/lib --enable-nls --with-sysroot=/ --enable-clocale=gnu --enable-libstdcxx-debug --enable-libstdcxx-time=yes --with-default-libstdcxx-abi=new --enable-gnu-unique-object --disable-vtable-verify --enable-libmpx --enable-plugin --with-system-zlib --disable-browser-plugin --enable-java-awt=gtk --enable-gtk-cairo --with-java-home=/usr/lib/jvm/java-1.5.0-gcj-5-i386/jre --enable-java-home --with-jvm-root-dir=/usr/lib/jvm/java-1.5.0-gcj-5-i386 --with-jvm-jar-dir=/usr/lib/jvm-exports/java-1.5.0-gcj-5-i386 --with-arch-directory=i386 --with-ecj-jar=/usr/share/java/eclipse-ecj.jar --enable-objc-gc --enable-targets=all --enable-multiarch --disable-werror --with-arch-32=i686 --with-multilib-list=m32,m64,mx32 --enable-multilib --with-tune=generic --enable-checking=release --build=i686-linux-gnu --host=i686-linux-gnu --target=i686-linux-gnu
Thread model: posix
gcc version 5.2.1 20151010 (Ubuntu 5.2.1-22ubuntu2) 
configure:5282: $? = 0
configure:5271: gcc -V >&5
gcc: error: unrecognized command line option '-V'
gcc: fatal error: no input files
compilation terminated.
configure:5282: $? = 1
configure:5271: gcc -qversion >&5
gcc: error: unrecognized command line option '-qversion'
gcc: fatal error: no input files
compilation terminated.
configure:5282: $? = 1
configure:5302: checking whether the C compiler works
configure:5324: gcc    conftest.c  >&5
configure:5328: $? = 0
configure:5376: result: yes
configure:5379: checking for C compiler default output file name
configure:5381: result: a.out
configure:5387: checking for suffix of executables
configure:5394: gcc -o conftest    conftest.c  >&5
configure:5398: $? = 0
configure:5420: result: 
configure:5442: checking whether we are cross compiling
configure:5450: gcc -o conftest    conftest.c  >&5
configure:5454: $? = 0
configure:5461: ./conftest
configure:5465: $? = 0
configure:5480: result: no
configure:5485: checking for suffix of object files
configure:5507: gcc -c   conftest.c >&5
configure:5511: $? = 0
configure:5532: result: o
configure:5536: checking whether we are using the GNU C compiler
configure:5555: gcc -c   conftest.c >&5
configure:5555: $? = 0
configure:5564: result: yes
configure:5573: checking whether gcc accepts -g
configure:5593: gcc -c -g  conftest.c >&5
configure:5593: $? = 0
configure:5634: result: yes
configure:5651: checking for gcc option to accept ISO C89
configure:5714: gcc  -c -g -O2  conftest.c >&5
configure:5714: $? = 0
configure:5727: result: none needed
configure:5752: checking whether gcc understands -c and -o together
configure:5774: gcc -c conftest.c -o conftest2.o
configure:5777: $? = 0
configure:5774: gcc -c conftest.c -o conftest2.o
configure:5777: $? = 0
configure:5789: result: yes
configure:5817: checking for style of include used by make
configure:5845: result: GNU
configure:5871: checking dependency style of gcc
configure:5982: result: gcc3
configure:6075: checking how to run the C preprocessor
configure:6106: gcc -E  conftest.c
configure:6106: $? = 0
configure:6120: gcc -E  conftest.c
conftest.c:12:28: fatal error: ac_nonexistent.h: No such file or directory
compilation terminated.
configure:6120: $? = 1
configure: failed program was:
| /* confdefs.h */
| #define PACKAGE_NAME "emacs"
| #define PACKAGE_TARNAME "emacs"
| #define PACKAGE_VERSION "24.5"
| #define PACKAGE_STRING "emacs 24.5"
| #define PACKAGE_BUGREPORT ""
| #define PACKAGE_URL ""
| #define PACKAGE "emacs"
| #define VERSION "24.5"
| #define MAIL_USE_POP 1
| /* end confdefs.h.  */
| #include <ac_nonexistent.h>
configure:6145: result: gcc -E
configure:6165: gcc -E  conftest.c
configure:6165: $? = 0
configure:6179: gcc -E  conftest.c
conftest.c:12:28: fatal error: ac_nonexistent.h: No such file or directory
compilation terminated.
configure:6179: $? = 1
configure: failed program was:
| /* confdefs.h */
| #define PACKAGE_NAME "emacs"
| #define PACKAGE_TARNAME "emacs"
| #define PACKAGE_VERSION "24.5"
| #define PACKAGE_STRING "emacs 24.5"
| #define PACKAGE_BUGREPORT ""
| #define PACKAGE_URL ""
| #define PACKAGE "emacs"
| #define VERSION "24.5"
| #define MAIL_USE_POP 1
| /* end confdefs.h.  */
| #include <ac_nonexistent.h>
configure:6208: checking for grep that handles long lines and -e
configure:6266: result: /bin/grep
configure:6271: checking for egrep
configure:6333: result: /bin/grep -E
configure:6340: checking for Minix Amsterdam compiler
configure:6364: result: no
configure:6416: checking for ar
configure:6432: found /usr/bin/ar
configure:6443: result: ar
configure:6523: checking for ranlib
configure:6539: found /usr/bin/ranlib
configure:6550: result: ranlib
configure:6576: checking for ANSI C header files
configure:6596: gcc -c -g -O2  conftest.c >&5
configure:6596: $? = 0
configure:6669: gcc -o conftest -g -O2   conftest.c  >&5
configure:6669: $? = 0
configure:6669: ./conftest
configure:6669: $? = 0
configure:6680: result: yes
configure:6693: checking for sys/types.h
configure:6693: gcc -c -g -O2  conftest.c >&5
configure:6693: $? = 0
configure:6693: result: yes
configure:6693: checking for sys/stat.h
configure:6693: gcc -c -g -O2  conftest.c >&5
configure:6693: $? = 0
configure:6693: result: yes
configure:6693: checking for stdlib.h
configure:6693: gcc -c -g -O2  conftest.c >&5
configure:6693: $? = 0
configure:6693: result: yes
configure:6693: checking for string.h
configure:6693: gcc -c -g -O2  conftest.c >&5
configure:6693: $? = 0
configure:6693: result: yes
configure:6693: checking for memory.h
configure:6693: gcc -c -g -O2  conftest.c >&5
configure:6693: $? = 0
configure:6693: result: yes
configure:6693: checking for strings.h
configure:6693: gcc -c -g -O2  conftest.c >&5
configure:6693: $? = 0
configure:6693: result: yes
configure:6693: checking for inttypes.h
configure:6693: gcc -c -g -O2  conftest.c >&5
configure:6693: $? = 0
configure:6693: result: yes
configure:6693: checking for stdint.h
configure:6693: gcc -c -g -O2  conftest.c >&5
configure:6693: $? = 0
configure:6693: result: yes
configure:6693: checking for unistd.h
configure:6693: gcc -c -g -O2  conftest.c >&5
configure:6693: $? = 0
configure:6693: result: yes
configure:6706: checking minix/config.h usability
configure:6706: gcc -c -g -O2  conftest.c >&5
conftest.c:55:26: fatal error: minix/config.h: No such file or directory
compilation terminated.
configure:6706: $? = 1
configure: failed program was:
| /* confdefs.h */
| #define PACKAGE_NAME "emacs"
| #define PACKAGE_TARNAME "emacs"
| #define PACKAGE_VERSION "24.5"
| #define PACKAGE_STRING "emacs 24.5"
| #define PACKAGE_BUGREPORT ""
| #define PACKAGE_URL ""
| #define PACKAGE "emacs"
| #define VERSION "24.5"
| #define MAIL_USE_POP 1
| #define STDC_HEADERS 1
| #define HAVE_SYS_TYPES_H 1
| #define HAVE_SYS_STAT_H 1
| #define HAVE_STDLIB_H 1
| #define HAVE_STRING_H 1
| #define HAVE_MEMORY_H 1
| #define HAVE_STRINGS_H 1
| #define HAVE_INTTYPES_H 1
| #define HAVE_STDINT_H 1
| #define HAVE_UNISTD_H 1
| /* end confdefs.h.  */
| #include <stdio.h>
| #ifdef HAVE_SYS_TYPES_H
| # include <sys/types.h>
| #endif
| #ifdef HAVE_SYS_STAT_H
| # include <sys/stat.h>
| #endif
| #ifdef STDC_HEADERS
| # include <stdlib.h>
| # include <stddef.h>
| #else
| # ifdef HAVE_STDLIB_H
| #  include <stdlib.h>
| # endif
| #endif
| #ifdef HAVE_STRING_H
| # if !defined STDC_HEADERS && defined HAVE_MEMORY_H
| #  include <memory.h>
| # endif
| # include <string.h>
| #endif
| #ifdef HAVE_STRINGS_H
| # include <strings.h>
| #endif
| #ifdef HAVE_INTTYPES_H
| # include <inttypes.h>
| #endif
| #ifdef HAVE_STDINT_H
| # include <stdint.h>
| #endif
| #ifdef HAVE_UNISTD_H
| # include <unistd.h>
| #endif
| #include <minix/config.h>
configure:6706: result: no
configure:6706: checking minix/config.h presence
configure:6706: gcc -E  conftest.c
conftest.c:22:26: fatal error: minix/config.h: No such file or directory
compilation terminated.
configure:6706: $? = 1
configure: failed program was:
| /* confdefs.h */
| #define PACKAGE_NAME "emacs"
| #define PACKAGE_TARNAME "emacs"
| #define PACKAGE_VERSION "24.5"
| #define PACKAGE_STRING "emacs 24.5"
| #define PACKAGE_BUGREPORT ""
| #define PACKAGE_URL ""
| #define PACKAGE "emacs"
| #define VERSION "24.5"
| #define MAIL_USE_POP 1
| #define STDC_HEADERS 1
| #define HAVE_SYS_TYPES_H 1
| #define HAVE_SYS_STAT_H 1
| #define HAVE_STDLIB_H 1
| #define HAVE_STRING_H 1
| #define HAVE_MEMORY_H 1
| #define HAVE_STRINGS_H 1
| #define HAVE_INTTYPES_H 1
| #define HAVE_STDINT_H 1
| #define HAVE_UNISTD_H 1
| /* end confdefs.h.  */
| #include <minix/config.h>
configure:6706: result: no
configure:6706: checking for minix/config.h
configure:6706: result: no
configure:6730: checking whether it is safe to define __EXTENSIONS__
configure:6748: gcc -c -g -O2  conftest.c >&5
configure:6748: $? = 0
configure:6755: result: yes
configure:6770: checking whether _XOPEN_SOURCE should be defined
configure:6789: gcc -c -g -O2  conftest.c >&5
configure:6789: $? = 0
configure:6813: result: no
configure:6832: checking for special C compiler options needed for large files
configure:6877: result: no
configure:6883: checking for _FILE_OFFSET_BITS value needed for large files
configure:6908: gcc -c -g -O2  conftest.c >&5
conftest.c:33:33: warning: left shift count >= width of type [-Wshift-count-overflow]
 #define LARGE_OFF_T (((off_t) 1 << 62) - 1 + ((off_t) 1 << 62))
                                 ^
conftest.c:34:23: note: in expansion of macro 'LARGE_OFF_T'
   int off_t_is_large[(LARGE_OFF_T % 2147483629 == 721
                       ^
conftest.c:33:57: warning: left shift count >= width of type [-Wshift-count-overflow]
 #define LARGE_OFF_T (((off_t) 1 << 62) - 1 + ((off_t) 1 << 62))
                                                         ^
conftest.c:34:23: note: in expansion of macro 'LARGE_OFF_T'
   int off_t_is_large[(LARGE_OFF_T % 2147483629 == 721
                       ^
conftest.c:33:33: warning: left shift count >= width of type [-Wshift-count-overflow]
 #define LARGE_OFF_T (((off_t) 1 << 62) - 1 + ((off_t) 1 << 62))
                                 ^
conftest.c:35:27: note: in expansion of macro 'LARGE_OFF_T'
                        && LARGE_OFF_T % 2147483647 == 1)
                           ^
conftest.c:33:57: warning: left shift count >= width of type [-Wshift-count-overflow]
 #define LARGE_OFF_T (((off_t) 1 << 62) - 1 + ((off_t) 1 << 62))
                                                         ^
conftest.c:35:27: note: in expansion of macro 'LARGE_OFF_T'
                        && LARGE_OFF_T % 2147483647 == 1)
                           ^
conftest.c:34:7: error: variably modified 'off_t_is_large' at file scope
   int off_t_is_large[(LARGE_OFF_T % 2147483629 == 721
       ^
configure:6908: $? = 1
configure: failed program was:
| /* confdefs.h */
| #define PACKAGE_NAME "emacs"
| #define PACKAGE_TARNAME "emacs"
| #define PACKAGE_VERSION "24.5"
| #define PACKAGE_STRING "emacs 24.5"
| #define PACKAGE_BUGREPORT ""
| #define PACKAGE_URL ""
| #define PACKAGE "emacs"
| #define VERSION "24.5"
| #define MAIL_USE_POP 1
| #define STDC_HEADERS 1
| #define HAVE_SYS_TYPES_H 1
| #define HAVE_SYS_STAT_H 1
| #define HAVE_STDLIB_H 1
| #define HAVE_STRING_H 1
| #define HAVE_MEMORY_H 1
| #define HAVE_STRINGS_H 1
| #define HAVE_INTTYPES_H 1
| #define HAVE_STDINT_H 1
| #define HAVE_UNISTD_H 1
| #define __EXTENSIONS__ 1
| #define _ALL_SOURCE 1
| #define _DARWIN_C_SOURCE 1
| #define _GNU_SOURCE 1
| #define _POSIX_PTHREAD_SEMANTICS 1
| #define _TANDEM_SOURCE 1
| /* end confdefs.h.  */
| #include <sys/types.h>
|  /* Check that off_t can represent 2**63 - 1 correctly.
|     We can't simply define LARGE_OFF_T to be 9223372036854775807,
|     since some C++ compilers masquerading as C compilers
|     incorrectly reject 9223372036854775807.  */
| #define LARGE_OFF_T (((off_t) 1 << 62) - 1 + ((off_t) 1 << 62))
|   int off_t_is_large[(LARGE_OFF_T % 2147483629 == 721
|                        && LARGE_OFF_T % 2147483647 == 1)
|                       ? 1 : -1];
| int
| main ()
| {
| 
|   ;
|   return 0;
| }
configure:6932: gcc -c -g -O2  conftest.c >&5
configure:6932: $? = 0
configure:6940: result: 64
configure:7031: checking for gcc option to accept ISO C99
configure:7180: gcc  -c -g -O2  conftest.c >&5
configure:7180: $? = 0
configure:7193: result: none needed
configure:7301: checking for gcc option to accept ISO Standard C
configure:7312: result: none needed
configure:7454: checking whether gcc accepts -g3 -O2
configure:7470: gcc -o conftest -g3 -O2   conftest.c  >&5
configure:7470: $? = 0
configure:7478: result: yes
configure:7620: checking whether the compiler is clang
configure:7640: gcc -c -g3 -O2  conftest.c >&5
conftest.c:32:12: error: expected '=', ',', ';', 'asm' or '__attribute__' before string constant
      error "not clang";
            ^
configure:7640: $? = 1
configure: failed program was:
| /* confdefs.h */
| #define PACKAGE_NAME "emacs"
| #define PACKAGE_TARNAME "emacs"
| #define PACKAGE_VERSION "24.5"
| #define PACKAGE_STRING "emacs 24.5"
| #define PACKAGE_BUGREPORT ""
| #define PACKAGE_URL ""
| #define PACKAGE "emacs"
| #define VERSION "24.5"
| #define MAIL_USE_POP 1
| #define STDC_HEADERS 1
| #define HAVE_SYS_TYPES_H 1
| #define HAVE_SYS_STAT_H 1
| #define HAVE_STDLIB_H 1
| #define HAVE_STRING_H 1
| #define HAVE_MEMORY_H 1
| #define HAVE_STRINGS_H 1
| #define HAVE_INTTYPES_H 1
| #define HAVE_STDINT_H 1
| #define HAVE_UNISTD_H 1
| #define __EXTENSIONS__ 1
| #define _ALL_SOURCE 1
| #define _DARWIN_C_SOURCE 1
| #define _GNU_SOURCE 1
| #define _POSIX_PTHREAD_SEMANTICS 1
| #define _TANDEM_SOURCE 1
| #define _FILE_OFFSET_BITS 64
| #define _DARWIN_USE_64_BIT_INODE 1
| /* end confdefs.h.  */
| 
| 	  #ifndef __clang__
| 	    error "not clang";
| 	  #endif
| 
| int
| main ()
| {
| 
|   ;
|   return 0;
| }
configure:7647: result: no
configure:8648: checking whether ln -s works for files in the same directory
configure:8673: result: yes
configure:8690: checking for install-info
configure:8708: found /usr/bin/install-info
configure:8721: result: /usr/bin/install-info
configure:8731: checking for gzip
configure:8749: found /bin/gzip
configure:8761: result: /bin/gzip
configure:8776: checking for paxctl
configure:8809: result: no
configure:8839: checking for setfattr
configure:8851: result: no
configure:8866: checking for makeinfo
configure:8897: result: no
configure:8969: checking for -znocombreloc
configure:8982: gcc -o conftest -g3 -O2   -Wl,-znocombreloc conftest.c  >&5
configure:8982: $? = 0
configure:8983: result: yes
configure:8995: checking whether addresses are sanitized
configure:9018: gcc -c -g3 -O2  conftest.c >&5
conftest.c:35:11: error: expected '=', ',', ';', 'asm' or '__attribute__' before string constant
     error "Addresses are not sanitized.";
           ^
configure:9018: $? = 1
configure: failed program was:
| /* confdefs.h */
| #define PACKAGE_NAME "emacs"
| #define PACKAGE_TARNAME "emacs"
| #define PACKAGE_VERSION "24.5"
| #define PACKAGE_STRING "emacs 24.5"
| #define PACKAGE_BUGREPORT ""
| #define PACKAGE_URL ""
| #define PACKAGE "emacs"
| #define VERSION "24.5"
| #define MAIL_USE_POP 1
| #define STDC_HEADERS 1
| #define HAVE_SYS_TYPES_H 1
| #define HAVE_SYS_STAT_H 1
| #define HAVE_STDLIB_H 1
| #define HAVE_STRING_H 1
| #define HAVE_MEMORY_H 1
| #define HAVE_STRINGS_H 1
| #define HAVE_INTTYPES_H 1
| #define HAVE_STDINT_H 1
| #define HAVE_UNISTD_H 1
| #define __EXTENSIONS__ 1
| #define _ALL_SOURCE 1
| #define _DARWIN_C_SOURCE 1
| #define _GNU_SOURCE 1
| #define _POSIX_PTHREAD_SEMANTICS 1
| #define _TANDEM_SOURCE 1
| #define _FILE_OFFSET_BITS 64
| #define _DARWIN_USE_64_BIT_INODE 1
| /* end confdefs.h.  */
| #ifndef __has_feature
| 	  #define __has_feature(f) 0
| 	  #endif
| 	  #if defined __SANITIZE_ADDRESS__ || __has_feature (address_sanitizer)
| 	  #else
| 	   error "Addresses are not sanitized.";
| 	  #endif
| 
| int
| main ()
| {
| 
|   ;
|   return 0;
| }
configure:9025: result: no
configure:9248: checking for pkg-config
configure:9266: found /usr/bin/pkg-config
configure:9279: result: /usr/bin/pkg-config
configure:9296: checking for machine/soundcard.h
configure:9296: gcc -c -g3 -O2    conftest.c >&5
conftest.c:38:31: fatal error: machine/soundcard.h: No such file or directory
compilation terminated.
configure:9296: $? = 1
configure: failed program was:
| /* confdefs.h */
| #define PACKAGE_NAME "emacs"
| #define PACKAGE_TARNAME "emacs"
| #define PACKAGE_VERSION "24.5"
| #define PACKAGE_STRING "emacs 24.5"
| #define PACKAGE_BUGREPORT ""
| #define PACKAGE_URL ""
| #define PACKAGE "emacs"
| #define VERSION "24.5"
| #define MAIL_USE_POP 1
| #define STDC_HEADERS 1
| #define HAVE_SYS_TYPES_H 1
| #define HAVE_SYS_STAT_H 1
| #define HAVE_STDLIB_H 1
| #define HAVE_STRING_H 1
| #define HAVE_MEMORY_H 1
| #define HAVE_STRINGS_H 1
| #define HAVE_INTTYPES_H 1
| #define HAVE_STDINT_H 1
| #define HAVE_UNISTD_H 1
| #define __EXTENSIONS__ 1
| #define _ALL_SOURCE 1
| #define _DARWIN_C_SOURCE 1
| #define _GNU_SOURCE 1
| #define _POSIX_PTHREAD_SEMANTICS 1
| #define _TANDEM_SOURCE 1
| #define _FILE_OFFSET_BITS 64
| #define _DARWIN_USE_64_BIT_INODE 1
| #define SYSTEM_TYPE "gnu/linux"
| /* end confdefs.h.  */
| 
|     #ifdef __MINGW32__
|     #define WIN32_LEAN_AND_MEAN
|     #include <windows.h>
|     #endif
| 
| 
| #include <machine/soundcard.h>
configure:9296: result: no
configure:9296: checking for sys/soundcard.h
configure:9296: gcc -c -g3 -O2    conftest.c >&5
configure:9296: $? = 0
configure:9296: result: yes
configure:9296: checking for soundcard.h
configure:9296: gcc -c -g3 -O2    conftest.c >&5
conftest.c:39:23: fatal error: soundcard.h: No such file or directory
compilation terminated.
configure:9296: $? = 1
configure: failed program was:
| /* confdefs.h */
| #define PACKAGE_NAME "emacs"
| #define PACKAGE_TARNAME "emacs"
| #define PACKAGE_VERSION "24.5"
| #define PACKAGE_STRING "emacs 24.5"
| #define PACKAGE_BUGREPORT ""
| #define PACKAGE_URL ""
| #define PACKAGE "emacs"
| #define VERSION "24.5"
| #define MAIL_USE_POP 1
| #define STDC_HEADERS 1
| #define HAVE_SYS_TYPES_H 1
| #define HAVE_SYS_STAT_H 1
| #define HAVE_STDLIB_H 1
| #define HAVE_STRING_H 1
| #define HAVE_MEMORY_H 1
| #define HAVE_STRINGS_H 1
| #define HAVE_INTTYPES_H 1
| #define HAVE_STDINT_H 1
| #define HAVE_UNISTD_H 1
| #define __EXTENSIONS__ 1
| #define _ALL_SOURCE 1
| #define _DARWIN_C_SOURCE 1
| #define _GNU_SOURCE 1
| #define _POSIX_PTHREAD_SEMANTICS 1
| #define _TANDEM_SOURCE 1
| #define _FILE_OFFSET_BITS 64
| #define _DARWIN_USE_64_BIT_INODE 1
| #define SYSTEM_TYPE "gnu/linux"
| #define HAVE_SYS_SOUNDCARD_H 1
| /* end confdefs.h.  */
| 
|     #ifdef __MINGW32__
|     #define WIN32_LEAN_AND_MEAN
|     #include <windows.h>
|     #endif
| 
| 
| #include <soundcard.h>
configure:9296: result: no
configure:9296: checking for mmsystem.h
configure:9296: gcc -c -g3 -O2    conftest.c >&5
conftest.c:39:22: fatal error: mmsystem.h: No such file or directory
compilation terminated.
configure:9296: $? = 1
configure: failed program was:
| /* confdefs.h */
| #define PACKAGE_NAME "emacs"
| #define PACKAGE_TARNAME "emacs"
| #define PACKAGE_VERSION "24.5"
| #define PACKAGE_STRING "emacs 24.5"
| #define PACKAGE_BUGREPORT ""
| #define PACKAGE_URL ""
| #define PACKAGE "emacs"
| #define VERSION "24.5"
| #define MAIL_USE_POP 1
| #define STDC_HEADERS 1
| #define HAVE_SYS_TYPES_H 1
| #define HAVE_SYS_STAT_H 1
| #define HAVE_STDLIB_H 1
| #define HAVE_STRING_H 1
| #define HAVE_MEMORY_H 1
| #define HAVE_STRINGS_H 1
| #define HAVE_INTTYPES_H 1
| #define HAVE_STDINT_H 1
| #define HAVE_UNISTD_H 1
| #define __EXTENSIONS__ 1
| #define _ALL_SOURCE 1
| #define _DARWIN_C_SOURCE 1
| #define _GNU_SOURCE 1
| #define _POSIX_PTHREAD_SEMANTICS 1
| #define _TANDEM_SOURCE 1
| #define _FILE_OFFSET_BITS 64
| #define _DARWIN_USE_64_BIT_INODE 1
| #define SYSTEM_TYPE "gnu/linux"
| #define HAVE_SYS_SOUNDCARD_H 1
| /* end confdefs.h.  */
| 
|     #ifdef __MINGW32__
|     #define WIN32_LEAN_AND_MEAN
|     #include <windows.h>
|     #endif
| 
| 
| #include <mmsystem.h>
configure:9296: result: no
configure:9317: checking for _oss_ioctl in -lossaudio
configure:9342: gcc -o conftest -g3 -O2     conftest.c -lossaudio   >&5 
/usr/bin/ld: cannot find -lossaudio
collect2: error: ld returned 1 exit status
configure:9342: $? = 1
configure: failed program was:
| /* confdefs.h */
| #define PACKAGE_NAME "emacs"
| #define PACKAGE_TARNAME "emacs"
| #define PACKAGE_VERSION "24.5"
| #define PACKAGE_STRING "emacs 24.5"
| #define PACKAGE_BUGREPORT ""
| #define PACKAGE_URL ""
| #define PACKAGE "emacs"
| #define VERSION "24.5"
| #define MAIL_USE_POP 1
| #define STDC_HEADERS 1
| #define HAVE_SYS_TYPES_H 1
| #define HAVE_SYS_STAT_H 1
| #define HAVE_STDLIB_H 1
| #define HAVE_STRING_H 1
| #define HAVE_MEMORY_H 1
| #define HAVE_STRINGS_H 1
| #define HAVE_INTTYPES_H 1
| #define HAVE_STDINT_H 1
| #define HAVE_UNISTD_H 1
| #define __EXTENSIONS__ 1
| #define _ALL_SOURCE 1
| #define _DARWIN_C_SOURCE 1
| #define _GNU_SOURCE 1
| #define _POSIX_PTHREAD_SEMANTICS 1
| #define _TANDEM_SOURCE 1
| #define _FILE_OFFSET_BITS 64
| #define _DARWIN_USE_64_BIT_INODE 1
| #define SYSTEM_TYPE "gnu/linux"
| #define HAVE_SYS_SOUNDCARD_H 1
| /* end confdefs.h.  */
| 
| /* Override any GCC internal prototype to avoid an error.
|    Use char because int might match the return type of a GCC
|    builtin and then its argument prototype would still apply.  */
| #ifdef __cplusplus
| extern "C"
| #endif
| char _oss_ioctl ();
| int
| main ()
| {
| return _oss_ioctl ();
|   ;
|   return 0;
| }
configure:9351: result: no
configure:9375: checking for alsa >= 1.0.0
configure:9387: result: no
configure:9489: checking for sys/systeminfo.h
configure:9489: gcc -c -g3 -O2    conftest.c >&5
conftest.c:67:28: fatal error: sys/systeminfo.h: No such file or directory
compilation terminated.
configure:9489: $? = 1
configure: failed program was:
| /* confdefs.h */
| #define PACKAGE_NAME "emacs"
| #define PACKAGE_TARNAME "emacs"
| #define PACKAGE_VERSION "24.5"
| #define PACKAGE_STRING "emacs 24.5"
| #define PACKAGE_BUGREPORT ""
| #define PACKAGE_URL ""
| #define PACKAGE "emacs"
| #define VERSION "24.5"
| #define MAIL_USE_POP 1
| #define STDC_HEADERS 1
| #define HAVE_SYS_TYPES_H 1
| #define HAVE_SYS_STAT_H 1
| #define HAVE_STDLIB_H 1
| #define HAVE_STRING_H 1
| #define HAVE_MEMORY_H 1
| #define HAVE_STRINGS_H 1
| #define HAVE_INTTYPES_H 1
| #define HAVE_STDINT_H 1
| #define HAVE_UNISTD_H 1
| #define __EXTENSIONS__ 1
| #define _ALL_SOURCE 1
| #define _DARWIN_C_SOURCE 1
| #define _GNU_SOURCE 1
| #define _POSIX_PTHREAD_SEMANTICS 1
| #define _TANDEM_SOURCE 1
| #define _FILE_OFFSET_BITS 64
| #define _DARWIN_USE_64_BIT_INODE 1
| #define SYSTEM_TYPE "gnu/linux"
| #define HAVE_SYS_SOUNDCARD_H 1
| #define HAVE_SOUND 1
| /* end confdefs.h.  */
| #include <stdio.h>
| #ifdef HAVE_SYS_TYPES_H
| # include <sys/types.h>
| #endif
| #ifdef HAVE_SYS_STAT_H
| # include <sys/stat.h>
| #endif
| #ifdef STDC_HEADERS
| # include <stdlib.h>
| # include <stddef.h>
| #else
| # ifdef HAVE_STDLIB_H
| #  include <stdlib.h>
| # endif
| #endif
| #ifdef HAVE_STRING_H
| # if !defined STDC_HEADERS && defined HAVE_MEMORY_H
| #  include <memory.h>
| # endif
| # include <string.h>
| #endif
| #ifdef HAVE_STRINGS_H
| # include <strings.h>
| #endif
| #ifdef HAVE_INTTYPES_H
| # include <inttypes.h>
| #endif
| #ifdef HAVE_STDINT_H
| # include <stdint.h>
| #endif
| #ifdef HAVE_UNISTD_H
| # include <unistd.h>
| #endif
| 
| #include <sys/systeminfo.h>
configure:9489: result: no
configure:9489: checking for coff.h
configure:9489: gcc -c -g3 -O2    conftest.c >&5
conftest.c:67:18: fatal error: coff.h: No such file or directory
compilation terminated.
configure:9489: $? = 1
configure: failed program was:
| /* confdefs.h */
| #define PACKAGE_NAME "emacs"
| #define PACKAGE_TARNAME "emacs"
| #define PACKAGE_VERSION "24.5"
| #define PACKAGE_STRING "emacs 24.5"
| #define PACKAGE_BUGREPORT ""
| #define PACKAGE_URL ""
| #define PACKAGE "emacs"
| #define VERSION "24.5"
| #define MAIL_USE_POP 1
| #define STDC_HEADERS 1
| #define HAVE_SYS_TYPES_H 1
| #define HAVE_SYS_STAT_H 1
| #define HAVE_STDLIB_H 1
| #define HAVE_STRING_H 1
| #define HAVE_MEMORY_H 1
| #define HAVE_STRINGS_H 1
| #define HAVE_INTTYPES_H 1
| #define HAVE_STDINT_H 1
| #define HAVE_UNISTD_H 1
| #define __EXTENSIONS__ 1
| #define _ALL_SOURCE 1
| #define _DARWIN_C_SOURCE 1
| #define _GNU_SOURCE 1
| #define _POSIX_PTHREAD_SEMANTICS 1
| #define _TANDEM_SOURCE 1
| #define _FILE_OFFSET_BITS 64
| #define _DARWIN_USE_64_BIT_INODE 1
| #define SYSTEM_TYPE "gnu/linux"
| #define HAVE_SYS_SOUNDCARD_H 1
| #define HAVE_SOUND 1
| /* end confdefs.h.  */
| #include <stdio.h>
| #ifdef HAVE_SYS_TYPES_H
| # include <sys/types.h>
| #endif
| #ifdef HAVE_SYS_STAT_H
| # include <sys/stat.h>
| #endif
| #ifdef STDC_HEADERS
| # include <stdlib.h>
| # include <stddef.h>
| #else
| # ifdef HAVE_STDLIB_H
| #  include <stdlib.h>
| # endif
| #endif
| #ifdef HAVE_STRING_H
| # if !defined STDC_HEADERS && defined HAVE_MEMORY_H
| #  include <memory.h>
| # endif
| # include <string.h>
| #endif
| #ifdef HAVE_STRINGS_H
| # include <strings.h>
| #endif
| #ifdef HAVE_INTTYPES_H
| # include <inttypes.h>
| #endif
| #ifdef HAVE_STDINT_H
| # include <stdint.h>
| #endif
| #ifdef HAVE_UNISTD_H
| # include <unistd.h>
| #endif
| 
| #include <coff.h>
configure:9489: result: no
configure:9489: checking for pty.h
configure:9489: gcc -c -g3 -O2    conftest.c >&5
configure:9489: $? = 0
configure:9489: result: yes
configure:9489: checking for sys/resource.h
configure:9489: gcc -c -g3 -O2    conftest.c >&5
configure:9489: $? = 0
configure:9489: result: yes
configure:9489: checking for sys/utsname.h
configure:9489: gcc -c -g3 -O2    conftest.c >&5
configure:9489: $? = 0
configure:9489: result: yes
configure:9489: checking for pwd.h
configure:9489: gcc -c -g3 -O2    conftest.c >&5
configure:9489: $? = 0
configure:9489: result: yes
configure:9489: checking for utmp.h
configure:9489: gcc -c -g3 -O2    conftest.c >&5
configure:9489: $? = 0
configure:9489: result: yes
configure:9489: checking for util.h
configure:9489: gcc -c -g3 -O2    conftest.c >&5
conftest.c:72:18: fatal error: util.h: No such file or directory
compilation terminated.
configure:9489: $? = 1
configure: failed program was:
| /* confdefs.h */
| #define PACKAGE_NAME "emacs"
| #define PACKAGE_TARNAME "emacs"
| #define PACKAGE_VERSION "24.5"
| #define PACKAGE_STRING "emacs 24.5"
| #define PACKAGE_BUGREPORT ""
| #define PACKAGE_URL ""
| #define PACKAGE "emacs"
| #define VERSION "24.5"
| #define MAIL_USE_POP 1
| #define STDC_HEADERS 1
| #define HAVE_SYS_TYPES_H 1
| #define HAVE_SYS_STAT_H 1
| #define HAVE_STDLIB_H 1
| #define HAVE_STRING_H 1
| #define HAVE_MEMORY_H 1
| #define HAVE_STRINGS_H 1
| #define HAVE_INTTYPES_H 1
| #define HAVE_STDINT_H 1
| #define HAVE_UNISTD_H 1
| #define __EXTENSIONS__ 1
| #define _ALL_SOURCE 1
| #define _DARWIN_C_SOURCE 1
| #define _GNU_SOURCE 1
| #define _POSIX_PTHREAD_SEMANTICS 1
| #define _TANDEM_SOURCE 1
| #define _FILE_OFFSET_BITS 64
| #define _DARWIN_USE_64_BIT_INODE 1
| #define SYSTEM_TYPE "gnu/linux"
| #define HAVE_SYS_SOUNDCARD_H 1
| #define HAVE_SOUND 1
| #define HAVE_PTY_H 1
| #define HAVE_SYS_RESOURCE_H 1
| #define HAVE_SYS_UTSNAME_H 1
| #define HAVE_PWD_H 1
| #define HAVE_UTMP_H 1
| /* end confdefs.h.  */
| #include <stdio.h>
| #ifdef HAVE_SYS_TYPES_H
| # include <sys/types.h>
| #endif
| #ifdef HAVE_SYS_STAT_H
| # include <sys/stat.h>
| #endif
| #ifdef STDC_HEADERS
| # include <stdlib.h>
| # include <stddef.h>
| #else
| # ifdef HAVE_STDLIB_H
| #  include <stdlib.h>
| # endif
| #endif
| #ifdef HAVE_STRING_H
| # if !defined STDC_HEADERS && defined HAVE_MEMORY_H
| #  include <memory.h>
| # endif
| # include <string.h>
| #endif
| #ifdef HAVE_STRINGS_H
| # include <strings.h>
| #endif
| #ifdef HAVE_INTTYPES_H
| # include <inttypes.h>
| #endif
| #ifdef HAVE_STDINT_H
| # include <stdint.h>
| #endif
| #ifdef HAVE_UNISTD_H
| # include <unistd.h>
| #endif
| 
| #include <util.h>
configure:9489: result: no
configure:9489: checking for sys/socket.h
configure:9489: gcc -c -g3 -O2    conftest.c >&5
configure:9489: $? = 0
configure:9489: result: yes
configure:9489: checking for stdlib.h
configure:9489: result: yes
configure:9489: checking for unistd.h
configure:9489: result: yes
configure:9489: checking for sys/param.h
configure:9489: gcc -c -g3 -O2    conftest.c >&5
configure:9489: $? = 0
configure:9489: result: yes
configure:9489: checking for pthread.h
configure:9489: gcc -c -g3 -O2    conftest.c >&5
configure:9489: $? = 0
configure:9489: result: yes
configure:9489: checking for malloc/malloc.h
configure:9489: gcc -c -g3 -O2    conftest.c >&5
conftest.c:77:27: fatal error: malloc/malloc.h: No such file or directory
compilation terminated.
configure:9489: $? = 1
configure: failed program was:
| /* confdefs.h */
| #define PACKAGE_NAME "emacs"
| #define PACKAGE_TARNAME "emacs"
| #define PACKAGE_VERSION "24.5"
| #define PACKAGE_STRING "emacs 24.5"
| #define PACKAGE_BUGREPORT ""
| #define PACKAGE_URL ""
| #define PACKAGE "emacs"
| #define VERSION "24.5"
| #define MAIL_USE_POP 1
| #define STDC_HEADERS 1
| #define HAVE_SYS_TYPES_H 1
| #define HAVE_SYS_STAT_H 1
| #define HAVE_STDLIB_H 1
| #define HAVE_STRING_H 1
| #define HAVE_MEMORY_H 1
| #define HAVE_STRINGS_H 1
| #define HAVE_INTTYPES_H 1
| #define HAVE_STDINT_H 1
| #define HAVE_UNISTD_H 1
| #define __EXTENSIONS__ 1
| #define _ALL_SOURCE 1
| #define _DARWIN_C_SOURCE 1
| #define _GNU_SOURCE 1
| #define _POSIX_PTHREAD_SEMANTICS 1
| #define _TANDEM_SOURCE 1
| #define _FILE_OFFSET_BITS 64
| #define _DARWIN_USE_64_BIT_INODE 1
| #define SYSTEM_TYPE "gnu/linux"
| #define HAVE_SYS_SOUNDCARD_H 1
| #define HAVE_SOUND 1
| #define HAVE_PTY_H 1
| #define HAVE_SYS_RESOURCE_H 1
| #define HAVE_SYS_UTSNAME_H 1
| #define HAVE_PWD_H 1
| #define HAVE_UTMP_H 1
| #define HAVE_SYS_SOCKET_H 1
| #define HAVE_STDLIB_H 1
| #define HAVE_UNISTD_H 1
| #define HAVE_SYS_PARAM_H 1
| #define HAVE_PTHREAD_H 1
| /* end confdefs.h.  */
| #include <stdio.h>
| #ifdef HAVE_SYS_TYPES_H
| # include <sys/types.h>
| #endif
| #ifdef HAVE_SYS_STAT_H
| # include <sys/stat.h>
| #endif
| #ifdef STDC_HEADERS
| # include <stdlib.h>
| # include <stddef.h>
| #else
| # ifdef HAVE_STDLIB_H
| #  include <stdlib.h>
| # endif
| #endif
| #ifdef HAVE_STRING_H
| # if !defined STDC_HEADERS && defined HAVE_MEMORY_H
| #  include <memory.h>
| # endif
| # include <string.h>
| #endif
| #ifdef HAVE_STRINGS_H
| # include <strings.h>
| #endif
| #ifdef HAVE_INTTYPES_H
| # include <inttypes.h>
| #endif
| #ifdef HAVE_STDINT_H
| # include <stdint.h>
| #endif
| #ifdef HAVE_UNISTD_H
| # include <unistd.h>
| #endif
| 
| #include <malloc/malloc.h>
configure:9489: result: no
configure:9489: checking for maillock.h
configure:9489: gcc -c -g3 -O2    conftest.c >&5
conftest.c:77:22: fatal error: maillock.h: No such file or directory
compilation terminated.
configure:9489: $? = 1
configure: failed program was:
| /* confdefs.h */
| #define PACKAGE_NAME "emacs"
| #define PACKAGE_TARNAME "emacs"
| #define PACKAGE_VERSION "24.5"
| #define PACKAGE_STRING "emacs 24.5"
| #define PACKAGE_BUGREPORT ""
| #define PACKAGE_URL ""
| #define PACKAGE "emacs"
| #define VERSION "24.5"
| #define MAIL_USE_POP 1
| #define STDC_HEADERS 1
| #define HAVE_SYS_TYPES_H 1
| #define HAVE_SYS_STAT_H 1
| #define HAVE_STDLIB_H 1
| #define HAVE_STRING_H 1
| #define HAVE_MEMORY_H 1
| #define HAVE_STRINGS_H 1
| #define HAVE_INTTYPES_H 1
| #define HAVE_STDINT_H 1
| #define HAVE_UNISTD_H 1
| #define __EXTENSIONS__ 1
| #define _ALL_SOURCE 1
| #define _DARWIN_C_SOURCE 1
| #define _GNU_SOURCE 1
| #define _POSIX_PTHREAD_SEMANTICS 1
| #define _TANDEM_SOURCE 1
| #define _FILE_OFFSET_BITS 64
| #define _DARWIN_USE_64_BIT_INODE 1
| #define SYSTEM_TYPE "gnu/linux"
| #define HAVE_SYS_SOUNDCARD_H 1
| #define HAVE_SOUND 1
| #define HAVE_PTY_H 1
| #define HAVE_SYS_RESOURCE_H 1
| #define HAVE_SYS_UTSNAME_H 1
| #define HAVE_PWD_H 1
| #define HAVE_UTMP_H 1
| #define HAVE_SYS_SOCKET_H 1
| #define HAVE_STDLIB_H 1
| #define HAVE_UNISTD_H 1
| #define HAVE_SYS_PARAM_H 1
| #define HAVE_PTHREAD_H 1
| /* end confdefs.h.  */
| #include <stdio.h>
| #ifdef HAVE_SYS_TYPES_H
| # include <sys/types.h>
| #endif
| #ifdef HAVE_SYS_STAT_H
| # include <sys/stat.h>
| #endif
| #ifdef STDC_HEADERS
| # include <stdlib.h>
| # include <stddef.h>
| #else
| # ifdef HAVE_STDLIB_H
| #  include <stdlib.h>
| # endif
| #endif
| #ifdef HAVE_STRING_H
| # if !defined STDC_HEADERS && defined HAVE_MEMORY_H
| #  include <memory.h>
| # endif
| # include <string.h>
| #endif
| #ifdef HAVE_STRINGS_H
| # include <strings.h>
| #endif
| #ifdef HAVE_INTTYPES_H
| # include <inttypes.h>
| #endif
| #ifdef HAVE_STDINT_H
| # include <stdint.h>
| #endif
| #ifdef HAVE_UNISTD_H
| # include <unistd.h>
| #endif
| 
| #include <maillock.h>
configure:9489: result: no
configure:9489: checking for sys/un.h
configure:9489: gcc -c -g3 -O2    conftest.c >&5
configure:9489: $? = 0
configure:9489: result: yes
configure:9489: checking for dirent.h
configure:9489: gcc -c -g3 -O2    conftest.c >&5
configure:9489: $? = 0
configure:9489: result: yes
configure:9489: checking for execinfo.h
configure:9489: gcc -c -g3 -O2    conftest.c >&5
configure:9489: $? = 0
configure:9489: result: yes
configure:9489: checking for stdio_ext.h
configure:9489: gcc -c -g3 -O2    conftest.c >&5
configure:9489: $? = 0
configure:9489: result: yes
configure:9489: checking for getopt.h
configure:9489: gcc -c -g3 -O2    conftest.c >&5
configure:9489: $? = 0
configure:9489: result: yes
configure:9489: checking for sys/time.h
configure:9489: gcc -c -g3 -O2    conftest.c >&5
configure:9489: $? = 0
configure:9489: result: yes
configure:9489: checking for wchar.h
configure:9489: gcc -c -g3 -O2    conftest.c >&5
configure:9489: $? = 0
configure:9489: result: yes
configure:9489: checking for stdint.h
configure:9489: result: yes
configure:9489: checking for inttypes.h
configure:9489: result: yes
configure:9489: checking for sys/select.h
configure:9489: gcc -c -g3 -O2    conftest.c >&5
configure:9489: $? = 0
configure:9489: result: yes
configure:9489: checking for sys/stat.h
configure:9489: result: yes
configure:9489: checking for utime.h
configure:9489: gcc -c -g3 -O2    conftest.c >&5
configure:9489: $? = 0
configure:9489: result: yes
configure:9518: checking if personality LINUX32 can be set
configure:9531: gcc -c -g3 -O2    conftest.c >&5
configure:9531: $? = 0
configure:9537: result: yes
configure:9548: checking for term.h
configure:9548: gcc -E    conftest.c
conftest.c:56:18: fatal error: term.h: No such file or directory
compilation terminated.
configure:9548: $? = 1
configure: failed program was:
| /* confdefs.h */
| #define PACKAGE_NAME "emacs"
| #define PACKAGE_TARNAME "emacs"
| #define PACKAGE_VERSION "24.5"
| #define PACKAGE_STRING "emacs 24.5"
| #define PACKAGE_BUGREPORT ""
| #define PACKAGE_URL ""
| #define PACKAGE "emacs"
| #define VERSION "24.5"
| #define MAIL_USE_POP 1
| #define STDC_HEADERS 1
| #define HAVE_SYS_TYPES_H 1
| #define HAVE_SYS_STAT_H 1
| #define HAVE_STDLIB_H 1
| #define HAVE_STRING_H 1
| #define HAVE_MEMORY_H 1
| #define HAVE_STRINGS_H 1
| #define HAVE_INTTYPES_H 1
| #define HAVE_STDINT_H 1
| #define HAVE_UNISTD_H 1
| #define __EXTENSIONS__ 1
| #define _ALL_SOURCE 1
| #define _DARWIN_C_SOURCE 1
| #define _GNU_SOURCE 1
| #define _POSIX_PTHREAD_SEMANTICS 1
| #define _TANDEM_SOURCE 1
| #define _FILE_OFFSET_BITS 64
| #define _DARWIN_USE_64_BIT_INODE 1
| #define SYSTEM_TYPE "gnu/linux"
| #define HAVE_SYS_SOUNDCARD_H 1
| #define HAVE_SOUND 1
| #define HAVE_PTY_H 1
| #define HAVE_SYS_RESOURCE_H 1
| #define HAVE_SYS_UTSNAME_H 1
| #define HAVE_PWD_H 1
| #define HAVE_UTMP_H 1
| #define HAVE_SYS_SOCKET_H 1
| #define HAVE_STDLIB_H 1
| #define HAVE_UNISTD_H 1
| #define HAVE_SYS_PARAM_H 1
| #define HAVE_PTHREAD_H 1
| #define HAVE_SYS_UN_H 1
| #define HAVE_DIRENT_H 1
| #define HAVE_EXECINFO_H 1
| #define HAVE_STDIO_EXT_H 1
| #define HAVE_GETOPT_H 1
| #define HAVE_SYS_TIME_H 1
| #define HAVE_WCHAR_H 1
| #define HAVE_STDINT_H 1
| #define HAVE_INTTYPES_H 1
| #define HAVE_SYS_SELECT_H 1
| #define HAVE_SYS_STAT_H 1
| #define HAVE_UTIME_H 1
| #define HAVE_PERSONALITY_LINUX32 1
| /* end confdefs.h.  */
| #include <term.h>
configure:9548: result: no
configure:9558: checking whether time.h and sys/time.h may both be included
configure:9578: gcc -c -g3 -O2    conftest.c >&5
configure:9578: $? = 0
configure:9585: result: yes
configure:9593: checking whether sys_siglist is declared
configure:9593: gcc -c -g3 -O2    conftest.c >&5
configure:9593: $? = 0
configure:9593: result: yes
configure:9622: checking for sys/wait.h that is POSIX.1 compatible
configure:9648: gcc -c -g3 -O2    conftest.c >&5
configure:9648: $? = 0
configure:9655: result: yes
configure:9669: checking for net/if.h
configure:9669: gcc -c -g3 -O2    conftest.c >&5
configure:9669: $? = 0
configure:9669: result: yes
configure:9685: checking for ifaddrs.h
configure:9685: gcc -c -g3 -O2    conftest.c >&5
configure:9685: $? = 0
configure:9685: result: yes
configure:9701: checking for net/if_dl.h
configure:9701: gcc -c -g3 -O2    conftest.c >&5
conftest.c:98:23: fatal error: net/if_dl.h: No such file or directory
compilation terminated.
configure:9701: $? = 1
configure: failed program was:
| /* confdefs.h */
| #define PACKAGE_NAME "emacs"
| #define PACKAGE_TARNAME "emacs"
| #define PACKAGE_VERSION "24.5"
| #define PACKAGE_STRING "emacs 24.5"
| #define PACKAGE_BUGREPORT ""
| #define PACKAGE_URL ""
| #define PACKAGE "emacs"
| #define VERSION "24.5"
| #define MAIL_USE_POP 1
| #define STDC_HEADERS 1
| #define HAVE_SYS_TYPES_H 1
| #define HAVE_SYS_STAT_H 1
| #define HAVE_STDLIB_H 1
| #define HAVE_STRING_H 1
| #define HAVE_MEMORY_H 1
| #define HAVE_STRINGS_H 1
| #define HAVE_INTTYPES_H 1
| #define HAVE_STDINT_H 1
| #define HAVE_UNISTD_H 1
| #define __EXTENSIONS__ 1
| #define _ALL_SOURCE 1
| #define _DARWIN_C_SOURCE 1
| #define _GNU_SOURCE 1
| #define _POSIX_PTHREAD_SEMANTICS 1
| #define _TANDEM_SOURCE 1
| #define _FILE_OFFSET_BITS 64
| #define _DARWIN_USE_64_BIT_INODE 1
| #define SYSTEM_TYPE "gnu/linux"
| #define HAVE_SYS_SOUNDCARD_H 1
| #define HAVE_SOUND 1
| #define HAVE_PTY_H 1
| #define HAVE_SYS_RESOURCE_H 1
| #define HAVE_SYS_UTSNAME_H 1
| #define HAVE_PWD_H 1
| #define HAVE_UTMP_H 1
| #define HAVE_SYS_SOCKET_H 1
| #define HAVE_STDLIB_H 1
| #define HAVE_UNISTD_H 1
| #define HAVE_SYS_PARAM_H 1
| #define HAVE_PTHREAD_H 1
| #define HAVE_SYS_UN_H 1
| #define HAVE_DIRENT_H 1
| #define HAVE_EXECINFO_H 1
| #define HAVE_STDIO_EXT_H 1
| #define HAVE_GETOPT_H 1
| #define HAVE_SYS_TIME_H 1
| #define HAVE_WCHAR_H 1
| #define HAVE_STDINT_H 1
| #define HAVE_INTTYPES_H 1
| #define HAVE_SYS_SELECT_H 1
| #define HAVE_SYS_STAT_H 1
| #define HAVE_UTIME_H 1
| #define HAVE_PERSONALITY_LINUX32 1
| #define TIME_WITH_SYS_TIME 1
| #define HAVE_DECL_SYS_SIGLIST 1
| #define HAVE_SYS_WAIT_H 1
| #define HAVE_NET_IF_H 1
| #define HAVE_IFADDRS_H 1
| /* end confdefs.h.  */
| #include <stdio.h>
| #ifdef HAVE_SYS_TYPES_H
| # include <sys/types.h>
| #endif
| #ifdef HAVE_SYS_STAT_H
| # include <sys/stat.h>
| #endif
| #ifdef STDC_HEADERS
| # include <stdlib.h>
| # include <stddef.h>
| #else
| # ifdef HAVE_STDLIB_H
| #  include <stdlib.h>
| # endif
| #endif
| #ifdef HAVE_STRING_H
| # if !defined STDC_HEADERS && defined HAVE_MEMORY_H
| #  include <memory.h>
| # endif
| # include <string.h>
| #endif
| #ifdef HAVE_STRINGS_H
| # include <strings.h>
| #endif
| #ifdef HAVE_INTTYPES_H
| # include <inttypes.h>
| #endif
| #ifdef HAVE_STDINT_H
| # include <stdint.h>
| #endif
| #ifdef HAVE_UNISTD_H
| # include <unistd.h>
| #endif
| #if HAVE_SYS_SOCKET_H
| #include <sys/socket.h>
| #endif
| 
| #include <net/if_dl.h>
configure:9701: result: no
configure:9716: checking for struct ifreq.ifr_flags
configure:9716: gcc -c -g3 -O2    conftest.c >&5
configure:9716: $? = 0
configure:9716: result: yes
configure:9732: checking for struct ifreq.ifr_hwaddr
configure:9732: gcc -c -g3 -O2    conftest.c >&5
conftest.c: In function 'main':
conftest.c:106:5: error: used struct type value where scalar is required
 if (ac_aggr.ifr_hwaddr)
     ^
configure:9732: $? = 1
configure: failed program was:
| /* confdefs.h */
| #define PACKAGE_NAME "emacs"
| #define PACKAGE_TARNAME "emacs"
| #define PACKAGE_VERSION "24.5"
| #define PACKAGE_STRING "emacs 24.5"
| #define PACKAGE_BUGREPORT ""
| #define PACKAGE_URL ""
| #define PACKAGE "emacs"
| #define VERSION "24.5"
| #define MAIL_USE_POP 1
| #define STDC_HEADERS 1
| #define HAVE_SYS_TYPES_H 1
| #define HAVE_SYS_STAT_H 1
| #define HAVE_STDLIB_H 1
| #define HAVE_STRING_H 1
| #define HAVE_MEMORY_H 1
| #define HAVE_STRINGS_H 1
| #define HAVE_INTTYPES_H 1
| #define HAVE_STDINT_H 1
| #define HAVE_UNISTD_H 1
| #define __EXTENSIONS__ 1
| #define _ALL_SOURCE 1
| #define _DARWIN_C_SOURCE 1
| #define _GNU_SOURCE 1
| #define _POSIX_PTHREAD_SEMANTICS 1
| #define _TANDEM_SOURCE 1
| #define _FILE_OFFSET_BITS 64
| #define _DARWIN_USE_64_BIT_INODE 1
| #define SYSTEM_TYPE "gnu/linux"
| #define HAVE_SYS_SOUNDCARD_H 1
| #define HAVE_SOUND 1
| #define HAVE_PTY_H 1
| #define HAVE_SYS_RESOURCE_H 1
| #define HAVE_SYS_UTSNAME_H 1
| #define HAVE_PWD_H 1
| #define HAVE_UTMP_H 1
| #define HAVE_SYS_SOCKET_H 1
| #define HAVE_STDLIB_H 1
| #define HAVE_UNISTD_H 1
| #define HAVE_SYS_PARAM_H 1
| #define HAVE_PTHREAD_H 1
| #define HAVE_SYS_UN_H 1
| #define HAVE_DIRENT_H 1
| #define HAVE_EXECINFO_H 1
| #define HAVE_STDIO_EXT_H 1
| #define HAVE_GETOPT_H 1
| #define HAVE_SYS_TIME_H 1
| #define HAVE_WCHAR_H 1
| #define HAVE_STDINT_H 1
| #define HAVE_INTTYPES_H 1
| #define HAVE_SYS_SELECT_H 1
| #define HAVE_SYS_STAT_H 1
| #define HAVE_UTIME_H 1
| #define HAVE_PERSONALITY_LINUX32 1
| #define TIME_WITH_SYS_TIME 1
| #define HAVE_DECL_SYS_SIGLIST 1
| #define HAVE_SYS_WAIT_H 1
| #define HAVE_NET_IF_H 1
| #define HAVE_IFADDRS_H 1
| #define HAVE_STRUCT_IFREQ_IFR_FLAGS 1
| /* end confdefs.h.  */
| #include <stdio.h>
| #ifdef HAVE_SYS_TYPES_H
| # include <sys/types.h>
| #endif
| #ifdef HAVE_SYS_STAT_H
| # include <sys/stat.h>
| #endif
| #ifdef STDC_HEADERS
| # include <stdlib.h>
| # include <stddef.h>
| #else
| # ifdef HAVE_STDLIB_H
| #  include <stdlib.h>
| # endif
| #endif
| #ifdef HAVE_STRING_H
| # if !defined STDC_HEADERS && defined HAVE_MEMORY_H
| #  include <memory.h>
| # endif
| # include <string.h>
| #endif
| #ifdef HAVE_STRINGS_H
| # include <strings.h>
| #endif
| #ifdef HAVE_INTTYPES_H
| # include <inttypes.h>
| #endif
| #ifdef HAVE_STDINT_H
| # include <stdint.h>
| #endif
| #ifdef HAVE_UNISTD_H
| # include <unistd.h>
| #endif
| #if HAVE_SYS_SOCKET_H
| #include <sys/socket.h>
| #endif
| #if HAVE_NET_IF_H
| #include <net/if.h>
| #endif
| 
| int
| main ()
| {
| static struct ifreq ac_aggr;
| if (ac_aggr.ifr_hwaddr)
| return 0;
|   ;
|   return 0;
| }
configure:9732: gcc -c -g3 -O2    conftest.c >&5
configure:9732: $? = 0
configure:9732: result: yes
configure:9748: checking for struct ifreq.ifr_netmask
configure:9748: gcc -c -g3 -O2    conftest.c >&5
conftest.c: In function 'main':
conftest.c:107:5: error: used struct type value where scalar is required
 if (ac_aggr.ifr_netmask)
     ^
configure:9748: $? = 1
configure: failed program was:
| /* confdefs.h */
| #define PACKAGE_NAME "emacs"
| #define PACKAGE_TARNAME "emacs"
| #define PACKAGE_VERSION "24.5"
| #define PACKAGE_STRING "emacs 24.5"
| #define PACKAGE_BUGREPORT ""
| #define PACKAGE_URL ""
| #define PACKAGE "emacs"
| #define VERSION "24.5"
| #define MAIL_USE_POP 1
| #define STDC_HEADERS 1
| #define HAVE_SYS_TYPES_H 1
| #define HAVE_SYS_STAT_H 1
| #define HAVE_STDLIB_H 1
| #define HAVE_STRING_H 1
| #define HAVE_MEMORY_H 1
| #define HAVE_STRINGS_H 1
| #define HAVE_INTTYPES_H 1
| #define HAVE_STDINT_H 1
| #define HAVE_UNISTD_H 1
| #define __EXTENSIONS__ 1
| #define _ALL_SOURCE 1
| #define _DARWIN_C_SOURCE 1
| #define _GNU_SOURCE 1
| #define _POSIX_PTHREAD_SEMANTICS 1
| #define _TANDEM_SOURCE 1
| #define _FILE_OFFSET_BITS 64
| #define _DARWIN_USE_64_BIT_INODE 1
| #define SYSTEM_TYPE "gnu/linux"
| #define HAVE_SYS_SOUNDCARD_H 1
| #define HAVE_SOUND 1
| #define HAVE_PTY_H 1
| #define HAVE_SYS_RESOURCE_H 1
| #define HAVE_SYS_UTSNAME_H 1
| #define HAVE_PWD_H 1
| #define HAVE_UTMP_H 1
| #define HAVE_SYS_SOCKET_H 1
| #define HAVE_STDLIB_H 1
| #define HAVE_UNISTD_H 1
| #define HAVE_SYS_PARAM_H 1
| #define HAVE_PTHREAD_H 1
| #define HAVE_SYS_UN_H 1
| #define HAVE_DIRENT_H 1
| #define HAVE_EXECINFO_H 1
| #define HAVE_STDIO_EXT_H 1
| #define HAVE_GETOPT_H 1
| #define HAVE_SYS_TIME_H 1
| #define HAVE_WCHAR_H 1
| #define HAVE_STDINT_H 1
| #define HAVE_INTTYPES_H 1
| #define HAVE_SYS_SELECT_H 1
| #define HAVE_SYS_STAT_H 1
| #define HAVE_UTIME_H 1
| #define HAVE_PERSONALITY_LINUX32 1
| #define TIME_WITH_SYS_TIME 1
| #define HAVE_DECL_SYS_SIGLIST 1
| #define HAVE_SYS_WAIT_H 1
| #define HAVE_NET_IF_H 1
| #define HAVE_IFADDRS_H 1
| #define HAVE_STRUCT_IFREQ_IFR_FLAGS 1
| #define HAVE_STRUCT_IFREQ_IFR_HWADDR 1
| /* end confdefs.h.  */
| #include <stdio.h>
| #ifdef HAVE_SYS_TYPES_H
| # include <sys/types.h>
| #endif
| #ifdef HAVE_SYS_STAT_H
| # include <sys/stat.h>
| #endif
| #ifdef STDC_HEADERS
| # include <stdlib.h>
| # include <stddef.h>
| #else
| # ifdef HAVE_STDLIB_H
| #  include <stdlib.h>
| # endif
| #endif
| #ifdef HAVE_STRING_H
| # if !defined STDC_HEADERS && defined HAVE_MEMORY_H
| #  include <memory.h>
| # endif
| # include <string.h>
| #endif
| #ifdef HAVE_STRINGS_H
| # include <strings.h>
| #endif
| #ifdef HAVE_INTTYPES_H
| # include <inttypes.h>
| #endif
| #ifdef HAVE_STDINT_H
| # include <stdint.h>
| #endif
| #ifdef HAVE_UNISTD_H
| # include <unistd.h>
| #endif
| #if HAVE_SYS_SOCKET_H
| #include <sys/socket.h>
| #endif
| #if HAVE_NET_IF_H
| #include <net/if.h>
| #endif
| 
| int
| main ()
| {
| static struct ifreq ac_aggr;
| if (ac_aggr.ifr_netmask)
| return 0;
|   ;
|   return 0;
| }
configure:9748: gcc -c -g3 -O2    conftest.c >&5
configure:9748: $? = 0
configure:9748: result: yes
configure:9764: checking for struct ifreq.ifr_broadaddr
configure:9764: gcc -c -g3 -O2    conftest.c >&5
conftest.c: In function 'main':
conftest.c:108:5: error: used struct type value where scalar is required
 if (ac_aggr.ifr_broadaddr)
     ^
configure:9764: $? = 1
configure: failed program was:
| /* confdefs.h */
| #define PACKAGE_NAME "emacs"
| #define PACKAGE_TARNAME "emacs"
| #define PACKAGE_VERSION "24.5"
| #define PACKAGE_STRING "emacs 24.5"
| #define PACKAGE_BUGREPORT ""
| #define PACKAGE_URL ""
| #define PACKAGE "emacs"
| #define VERSION "24.5"
| #define MAIL_USE_POP 1
| #define STDC_HEADERS 1
| #define HAVE_SYS_TYPES_H 1
| #define HAVE_SYS_STAT_H 1
| #define HAVE_STDLIB_H 1
| #define HAVE_STRING_H 1
| #define HAVE_MEMORY_H 1
| #define HAVE_STRINGS_H 1
| #define HAVE_INTTYPES_H 1
| #define HAVE_STDINT_H 1
| #define HAVE_UNISTD_H 1
| #define __EXTENSIONS__ 1
| #define _ALL_SOURCE 1
| #define _DARWIN_C_SOURCE 1
| #define _GNU_SOURCE 1
| #define _POSIX_PTHREAD_SEMANTICS 1
| #define _TANDEM_SOURCE 1
| #define _FILE_OFFSET_BITS 64
| #define _DARWIN_USE_64_BIT_INODE 1
| #define SYSTEM_TYPE "gnu/linux"
| #define HAVE_SYS_SOUNDCARD_H 1
| #define HAVE_SOUND 1
| #define HAVE_PTY_H 1
| #define HAVE_SYS_RESOURCE_H 1
| #define HAVE_SYS_UTSNAME_H 1
| #define HAVE_PWD_H 1
| #define HAVE_UTMP_H 1
| #define HAVE_SYS_SOCKET_H 1
| #define HAVE_STDLIB_H 1
| #define HAVE_UNISTD_H 1
| #define HAVE_SYS_PARAM_H 1
| #define HAVE_PTHREAD_H 1
| #define HAVE_SYS_UN_H 1
| #define HAVE_DIRENT_H 1
| #define HAVE_EXECINFO_H 1
| #define HAVE_STDIO_EXT_H 1
| #define HAVE_GETOPT_H 1
| #define HAVE_SYS_TIME_H 1
| #define HAVE_WCHAR_H 1
| #define HAVE_STDINT_H 1
| #define HAVE_INTTYPES_H 1
| #define HAVE_SYS_SELECT_H 1
| #define HAVE_SYS_STAT_H 1
| #define HAVE_UTIME_H 1
| #define HAVE_PERSONALITY_LINUX32 1
| #define TIME_WITH_SYS_TIME 1
| #define HAVE_DECL_SYS_SIGLIST 1
| #define HAVE_SYS_WAIT_H 1
| #define HAVE_NET_IF_H 1
| #define HAVE_IFADDRS_H 1
| #define HAVE_STRUCT_IFREQ_IFR_FLAGS 1
| #define HAVE_STRUCT_IFREQ_IFR_HWADDR 1
| #define HAVE_STRUCT_IFREQ_IFR_NETMASK 1
| /* end confdefs.h.  */
| #include <stdio.h>
| #ifdef HAVE_SYS_TYPES_H
| # include <sys/types.h>
| #endif
| #ifdef HAVE_SYS_STAT_H
| # include <sys/stat.h>
| #endif
| #ifdef STDC_HEADERS
| # include <stdlib.h>
| # include <stddef.h>
| #else
| # ifdef HAVE_STDLIB_H
| #  include <stdlib.h>
| # endif
| #endif
| #ifdef HAVE_STRING_H
| # if !defined STDC_HEADERS && defined HAVE_MEMORY_H
| #  include <memory.h>
| # endif
| # include <string.h>
| #endif
| #ifdef HAVE_STRINGS_H
| # include <strings.h>
| #endif
| #ifdef HAVE_INTTYPES_H
| # include <inttypes.h>
| #endif
| #ifdef HAVE_STDINT_H
| # include <stdint.h>
| #endif
| #ifdef HAVE_UNISTD_H
| # include <unistd.h>
| #endif
| #if HAVE_SYS_SOCKET_H
| #include <sys/socket.h>
| #endif
| #if HAVE_NET_IF_H
| #include <net/if.h>
| #endif
| 
| int
| main ()
| {
| static struct ifreq ac_aggr;
| if (ac_aggr.ifr_broadaddr)
| return 0;
|   ;
|   return 0;
| }
configure:9764: gcc -c -g3 -O2    conftest.c >&5
configure:9764: $? = 0
configure:9764: result: yes
configure:9780: checking for struct ifreq.ifr_addr
configure:9780: gcc -c -g3 -O2    conftest.c >&5
conftest.c: In function 'main':
conftest.c:109:5: error: used struct type value where scalar is required
 if (ac_aggr.ifr_addr)
     ^
configure:9780: $? = 1
configure: failed program was:
| /* confdefs.h */
| #define PACKAGE_NAME "emacs"
| #define PACKAGE_TARNAME "emacs"
| #define PACKAGE_VERSION "24.5"
| #define PACKAGE_STRING "emacs 24.5"
| #define PACKAGE_BUGREPORT ""
| #define PACKAGE_URL ""
| #define PACKAGE "emacs"
| #define VERSION "24.5"
| #define MAIL_USE_POP 1
| #define STDC_HEADERS 1
| #define HAVE_SYS_TYPES_H 1
| #define HAVE_SYS_STAT_H 1
| #define HAVE_STDLIB_H 1
| #define HAVE_STRING_H 1
| #define HAVE_MEMORY_H 1
| #define HAVE_STRINGS_H 1
| #define HAVE_INTTYPES_H 1
| #define HAVE_STDINT_H 1
| #define HAVE_UNISTD_H 1
| #define __EXTENSIONS__ 1
| #define _ALL_SOURCE 1
| #define _DARWIN_C_SOURCE 1
| #define _GNU_SOURCE 1
| #define _POSIX_PTHREAD_SEMANTICS 1
| #define _TANDEM_SOURCE 1
| #define _FILE_OFFSET_BITS 64
| #define _DARWIN_USE_64_BIT_INODE 1
| #define SYSTEM_TYPE "gnu/linux"
| #define HAVE_SYS_SOUNDCARD_H 1
| #define HAVE_SOUND 1
| #define HAVE_PTY_H 1
| #define HAVE_SYS_RESOURCE_H 1
| #define HAVE_SYS_UTSNAME_H 1
| #define HAVE_PWD_H 1
| #define HAVE_UTMP_H 1
| #define HAVE_SYS_SOCKET_H 1
| #define HAVE_STDLIB_H 1
| #define HAVE_UNISTD_H 1
| #define HAVE_SYS_PARAM_H 1
| #define HAVE_PTHREAD_H 1
| #define HAVE_SYS_UN_H 1
| #define HAVE_DIRENT_H 1
| #define HAVE_EXECINFO_H 1
| #define HAVE_STDIO_EXT_H 1
| #define HAVE_GETOPT_H 1
| #define HAVE_SYS_TIME_H 1
| #define HAVE_WCHAR_H 1
| #define HAVE_STDINT_H 1
| #define HAVE_INTTYPES_H 1
| #define HAVE_SYS_SELECT_H 1
| #define HAVE_SYS_STAT_H 1
| #define HAVE_UTIME_H 1
| #define HAVE_PERSONALITY_LINUX32 1
| #define TIME_WITH_SYS_TIME 1
| #define HAVE_DECL_SYS_SIGLIST 1
| #define HAVE_SYS_WAIT_H 1
| #define HAVE_NET_IF_H 1
| #define HAVE_IFADDRS_H 1
| #define HAVE_STRUCT_IFREQ_IFR_FLAGS 1
| #define HAVE_STRUCT_IFREQ_IFR_HWADDR 1
| #define HAVE_STRUCT_IFREQ_IFR_NETMASK 1
| #define HAVE_STRUCT_IFREQ_IFR_BROADADDR 1
| /* end confdefs.h.  */
| #include <stdio.h>
| #ifdef HAVE_SYS_TYPES_H
| # include <sys/types.h>
| #endif
| #ifdef HAVE_SYS_STAT_H
| # include <sys/stat.h>
| #endif
| #ifdef STDC_HEADERS
| # include <stdlib.h>
| # include <stddef.h>
| #else
| # ifdef HAVE_STDLIB_H
| #  include <stdlib.h>
| # endif
| #endif
| #ifdef HAVE_STRING_H
| # if !defined STDC_HEADERS && defined HAVE_MEMORY_H
| #  include <memory.h>
| # endif
| # include <string.h>
| #endif
| #ifdef HAVE_STRINGS_H
| # include <strings.h>
| #endif
| #ifdef HAVE_INTTYPES_H
| # include <inttypes.h>
| #endif
| #ifdef HAVE_STDINT_H
| # include <stdint.h>
| #endif
| #ifdef HAVE_UNISTD_H
| # include <unistd.h>
| #endif
| #if HAVE_SYS_SOCKET_H
| #include <sys/socket.h>
| #endif
| #if HAVE_NET_IF_H
| #include <net/if.h>
| #endif
| 
| int
| main ()
| {
| static struct ifreq ac_aggr;
| if (ac_aggr.ifr_addr)
| return 0;
|   ;
|   return 0;
| }
configure:9780: gcc -c -g3 -O2    conftest.c >&5
configure:9780: $? = 0
configure:9780: result: yes
configure:9796: checking for struct ifreq.ifr_addr.sa_len
configure:9796: gcc -c -g3 -O2    conftest.c >&5
conftest.c: In function 'main':
conftest.c:110:21: error: 'struct sockaddr' has no member named 'sa_len'
 if (ac_aggr.ifr_addr.sa_len)
                     ^
configure:9796: $? = 1
configure: failed program was:
| /* confdefs.h */
| #define PACKAGE_NAME "emacs"
| #define PACKAGE_TARNAME "emacs"
| #define PACKAGE_VERSION "24.5"
| #define PACKAGE_STRING "emacs 24.5"
| #define PACKAGE_BUGREPORT ""
| #define PACKAGE_URL ""
| #define PACKAGE "emacs"
| #define VERSION "24.5"
| #define MAIL_USE_POP 1
| #define STDC_HEADERS 1
| #define HAVE_SYS_TYPES_H 1
| #define HAVE_SYS_STAT_H 1
| #define HAVE_STDLIB_H 1
| #define HAVE_STRING_H 1
| #define HAVE_MEMORY_H 1
| #define HAVE_STRINGS_H 1
| #define HAVE_INTTYPES_H 1
| #define HAVE_STDINT_H 1
| #define HAVE_UNISTD_H 1
| #define __EXTENSIONS__ 1
| #define _ALL_SOURCE 1
| #define _DARWIN_C_SOURCE 1
| #define _GNU_SOURCE 1
| #define _POSIX_PTHREAD_SEMANTICS 1
| #define _TANDEM_SOURCE 1
| #define _FILE_OFFSET_BITS 64
| #define _DARWIN_USE_64_BIT_INODE 1
| #define SYSTEM_TYPE "gnu/linux"
| #define HAVE_SYS_SOUNDCARD_H 1
| #define HAVE_SOUND 1
| #define HAVE_PTY_H 1
| #define HAVE_SYS_RESOURCE_H 1
| #define HAVE_SYS_UTSNAME_H 1
| #define HAVE_PWD_H 1
| #define HAVE_UTMP_H 1
| #define HAVE_SYS_SOCKET_H 1
| #define HAVE_STDLIB_H 1
| #define HAVE_UNISTD_H 1
| #define HAVE_SYS_PARAM_H 1
| #define HAVE_PTHREAD_H 1
| #define HAVE_SYS_UN_H 1
| #define HAVE_DIRENT_H 1
| #define HAVE_EXECINFO_H 1
| #define HAVE_STDIO_EXT_H 1
| #define HAVE_GETOPT_H 1
| #define HAVE_SYS_TIME_H 1
| #define HAVE_WCHAR_H 1
| #define HAVE_STDINT_H 1
| #define HAVE_INTTYPES_H 1
| #define HAVE_SYS_SELECT_H 1
| #define HAVE_SYS_STAT_H 1
| #define HAVE_UTIME_H 1
| #define HAVE_PERSONALITY_LINUX32 1
| #define TIME_WITH_SYS_TIME 1
| #define HAVE_DECL_SYS_SIGLIST 1
| #define HAVE_SYS_WAIT_H 1
| #define HAVE_NET_IF_H 1
| #define HAVE_IFADDRS_H 1
| #define HAVE_STRUCT_IFREQ_IFR_FLAGS 1
| #define HAVE_STRUCT_IFREQ_IFR_HWADDR 1
| #define HAVE_STRUCT_IFREQ_IFR_NETMASK 1
| #define HAVE_STRUCT_IFREQ_IFR_BROADADDR 1
| #define HAVE_STRUCT_IFREQ_IFR_ADDR 1
| /* end confdefs.h.  */
| #include <stdio.h>
| #ifdef HAVE_SYS_TYPES_H
| # include <sys/types.h>
| #endif
| #ifdef HAVE_SYS_STAT_H
| # include <sys/stat.h>
| #endif
| #ifdef STDC_HEADERS
| # include <stdlib.h>
| # include <stddef.h>
| #else
| # ifdef HAVE_STDLIB_H
| #  include <stdlib.h>
| # endif
| #endif
| #ifdef HAVE_STRING_H
| # if !defined STDC_HEADERS && defined HAVE_MEMORY_H
| #  include <memory.h>
| # endif
| # include <string.h>
| #endif
| #ifdef HAVE_STRINGS_H
| # include <strings.h>
| #endif
| #ifdef HAVE_INTTYPES_H
| # include <inttypes.h>
| #endif
| #ifdef HAVE_STDINT_H
| # include <stdint.h>
| #endif
| #ifdef HAVE_UNISTD_H
| # include <unistd.h>
| #endif
| #if HAVE_SYS_SOCKET_H
| #include <sys/socket.h>
| #endif
| #if HAVE_NET_IF_H
| #include <net/if.h>
| #endif
| 
| int
| main ()
| {
| static struct ifreq ac_aggr;
| if (ac_aggr.ifr_addr.sa_len)
| return 0;
|   ;
|   return 0;
| }
configure:9796: gcc -c -g3 -O2    conftest.c >&5
conftest.c: In function 'main':
conftest.c:110:28: error: 'struct sockaddr' has no member named 'sa_len'
 if (sizeof ac_aggr.ifr_addr.sa_len)
                            ^
configure:9796: $? = 1
configure: failed program was:
| /* confdefs.h */
| #define PACKAGE_NAME "emacs"
| #define PACKAGE_TARNAME "emacs"
| #define PACKAGE_VERSION "24.5"
| #define PACKAGE_STRING "emacs 24.5"
| #define PACKAGE_BUGREPORT ""
| #define PACKAGE_URL ""
| #define PACKAGE "emacs"
| #define VERSION "24.5"
| #define MAIL_USE_POP 1
| #define STDC_HEADERS 1
| #define HAVE_SYS_TYPES_H 1
| #define HAVE_SYS_STAT_H 1
| #define HAVE_STDLIB_H 1
| #define HAVE_STRING_H 1
| #define HAVE_MEMORY_H 1
| #define HAVE_STRINGS_H 1
| #define HAVE_INTTYPES_H 1
| #define HAVE_STDINT_H 1
| #define HAVE_UNISTD_H 1
| #define __EXTENSIONS__ 1
| #define _ALL_SOURCE 1
| #define _DARWIN_C_SOURCE 1
| #define _GNU_SOURCE 1
| #define _POSIX_PTHREAD_SEMANTICS 1
| #define _TANDEM_SOURCE 1
| #define _FILE_OFFSET_BITS 64
| #define _DARWIN_USE_64_BIT_INODE 1
| #define SYSTEM_TYPE "gnu/linux"
| #define HAVE_SYS_SOUNDCARD_H 1
| #define HAVE_SOUND 1
| #define HAVE_PTY_H 1
| #define HAVE_SYS_RESOURCE_H 1
| #define HAVE_SYS_UTSNAME_H 1
| #define HAVE_PWD_H 1
| #define HAVE_UTMP_H 1
| #define HAVE_SYS_SOCKET_H 1
| #define HAVE_STDLIB_H 1
| #define HAVE_UNISTD_H 1
| #define HAVE_SYS_PARAM_H 1
| #define HAVE_PTHREAD_H 1
| #define HAVE_SYS_UN_H 1
| #define HAVE_DIRENT_H 1
| #define HAVE_EXECINFO_H 1
| #define HAVE_STDIO_EXT_H 1
| #define HAVE_GETOPT_H 1
| #define HAVE_SYS_TIME_H 1
| #define HAVE_WCHAR_H 1
| #define HAVE_STDINT_H 1
| #define HAVE_INTTYPES_H 1
| #define HAVE_SYS_SELECT_H 1
| #define HAVE_SYS_STAT_H 1
| #define HAVE_UTIME_H 1
| #define HAVE_PERSONALITY_LINUX32 1
| #define TIME_WITH_SYS_TIME 1
| #define HAVE_DECL_SYS_SIGLIST 1
| #define HAVE_SYS_WAIT_H 1
| #define HAVE_NET_IF_H 1
| #define HAVE_IFADDRS_H 1
| #define HAVE_STRUCT_IFREQ_IFR_FLAGS 1
| #define HAVE_STRUCT_IFREQ_IFR_HWADDR 1
| #define HAVE_STRUCT_IFREQ_IFR_NETMASK 1
| #define HAVE_STRUCT_IFREQ_IFR_BROADADDR 1
| #define HAVE_STRUCT_IFREQ_IFR_ADDR 1
| /* end confdefs.h.  */
| #include <stdio.h>
| #ifdef HAVE_SYS_TYPES_H
| # include <sys/types.h>
| #endif
| #ifdef HAVE_SYS_STAT_H
| # include <sys/stat.h>
| #endif
| #ifdef STDC_HEADERS
| # include <stdlib.h>
| # include <stddef.h>
| #else
| # ifdef HAVE_STDLIB_H
| #  include <stdlib.h>
| # endif
| #endif
| #ifdef HAVE_STRING_H
| # if !defined STDC_HEADERS && defined HAVE_MEMORY_H
| #  include <memory.h>
| # endif
| # include <string.h>
| #endif
| #ifdef HAVE_STRINGS_H
| # include <strings.h>
| #endif
| #ifdef HAVE_INTTYPES_H
| # include <inttypes.h>
| #endif
| #ifdef HAVE_STDINT_H
| # include <stdint.h>
| #endif
| #ifdef HAVE_UNISTD_H
| # include <unistd.h>
| #endif
| #if HAVE_SYS_SOCKET_H
| #include <sys/socket.h>
| #endif
| #if HAVE_NET_IF_H
| #include <net/if.h>
| #endif
| 
| int
| main ()
| {
| static struct ifreq ac_aggr;
| if (sizeof ac_aggr.ifr_addr.sa_len)
| return 0;
|   ;
|   return 0;
| }
configure:9796: result: no
configure:9820: checking whether we are using GNU Make
configure:9829: result: yes
configure:9832: checking whether gcc understands -MMD -MF
configure:9847: gcc -c -g3 -O2 -MMD -MF deps.d -MP    conftest.c >&5
configure:9847: $? = 0
configure:9856: result: yes
configure:9876: checking for long file names
configure:9908: result: yes
configure:9925: checking for X
configure:10033: gcc -E    conftest.c
conftest.c:67:22: fatal error: X11/Xlib.h: No such file or directory
compilation terminated.
configure:10033: $? = 1
configure: failed program was:
| /* confdefs.h */
| #define PACKAGE_NAME "emacs"
| #define PACKAGE_TARNAME "emacs"
| #define PACKAGE_VERSION "24.5"
| #define PACKAGE_STRING "emacs 24.5"
| #define PACKAGE_BUGREPORT ""
| #define PACKAGE_URL ""
| #define PACKAGE "emacs"
| #define VERSION "24.5"
| #define MAIL_USE_POP 1
| #define STDC_HEADERS 1
| #define HAVE_SYS_TYPES_H 1
| #define HAVE_SYS_STAT_H 1
| #define HAVE_STDLIB_H 1
| #define HAVE_STRING_H 1
| #define HAVE_MEMORY_H 1
| #define HAVE_STRINGS_H 1
| #define HAVE_INTTYPES_H 1
| #define HAVE_STDINT_H 1
| #define HAVE_UNISTD_H 1
| #define __EXTENSIONS__ 1
| #define _ALL_SOURCE 1
| #define _DARWIN_C_SOURCE 1
| #define _GNU_SOURCE 1
| #define _POSIX_PTHREAD_SEMANTICS 1
| #define _TANDEM_SOURCE 1
| #define _FILE_OFFSET_BITS 64
| #define _DARWIN_USE_64_BIT_INODE 1
| #define SYSTEM_TYPE "gnu/linux"
| #define HAVE_SYS_SOUNDCARD_H 1
| #define HAVE_SOUND 1
| #define HAVE_PTY_H 1
| #define HAVE_SYS_RESOURCE_H 1
| #define HAVE_SYS_UTSNAME_H 1
| #define HAVE_PWD_H 1
| #define HAVE_UTMP_H 1
| #define HAVE_SYS_SOCKET_H 1
| #define HAVE_STDLIB_H 1
| #define HAVE_UNISTD_H 1
| #define HAVE_SYS_PARAM_H 1
| #define HAVE_PTHREAD_H 1
| #define HAVE_SYS_UN_H 1
| #define HAVE_DIRENT_H 1
| #define HAVE_EXECINFO_H 1
| #define HAVE_STDIO_EXT_H 1
| #define HAVE_GETOPT_H 1
| #define HAVE_SYS_TIME_H 1
| #define HAVE_WCHAR_H 1
| #define HAVE_STDINT_H 1
| #define HAVE_INTTYPES_H 1
| #define HAVE_SYS_SELECT_H 1
| #define HAVE_SYS_STAT_H 1
| #define HAVE_UTIME_H 1
| #define HAVE_PERSONALITY_LINUX32 1
| #define TIME_WITH_SYS_TIME 1
| #define HAVE_DECL_SYS_SIGLIST 1
| #define HAVE_SYS_WAIT_H 1
| #define HAVE_NET_IF_H 1
| #define HAVE_IFADDRS_H 1
| #define HAVE_STRUCT_IFREQ_IFR_FLAGS 1
| #define HAVE_STRUCT_IFREQ_IFR_HWADDR 1
| #define HAVE_STRUCT_IFREQ_IFR_NETMASK 1
| #define HAVE_STRUCT_IFREQ_IFR_BROADADDR 1
| #define HAVE_STRUCT_IFREQ_IFR_ADDR 1
| #define HAVE_LONG_FILE_NAMES 1
| /* end confdefs.h.  */
| #include <X11/Xlib.h>
configure:10064: gcc -o conftest -g3 -O2     conftest.c -lX11  >&5 
conftest.c:67:22: fatal error: X11/Xlib.h: No such file or directory
compilation terminated.
configure:10064: $? = 1
configure: failed program was:
| /* confdefs.h */
| #define PACKAGE_NAME "emacs"
| #define PACKAGE_TARNAME "emacs"
| #define PACKAGE_VERSION "24.5"
| #define PACKAGE_STRING "emacs 24.5"
| #define PACKAGE_BUGREPORT ""
| #define PACKAGE_URL ""
| #define PACKAGE "emacs"
| #define VERSION "24.5"
| #define MAIL_USE_POP 1
| #define STDC_HEADERS 1
| #define HAVE_SYS_TYPES_H 1
| #define HAVE_SYS_STAT_H 1
| #define HAVE_STDLIB_H 1
| #define HAVE_STRING_H 1
| #define HAVE_MEMORY_H 1
| #define HAVE_STRINGS_H 1
| #define HAVE_INTTYPES_H 1
| #define HAVE_STDINT_H 1
| #define HAVE_UNISTD_H 1
| #define __EXTENSIONS__ 1
| #define _ALL_SOURCE 1
| #define _DARWIN_C_SOURCE 1
| #define _GNU_SOURCE 1
| #define _POSIX_PTHREAD_SEMANTICS 1
| #define _TANDEM_SOURCE 1
| #define _FILE_OFFSET_BITS 64
| #define _DARWIN_USE_64_BIT_INODE 1
| #define SYSTEM_TYPE "gnu/linux"
| #define HAVE_SYS_SOUNDCARD_H 1
| #define HAVE_SOUND 1
| #define HAVE_PTY_H 1
| #define HAVE_SYS_RESOURCE_H 1
| #define HAVE_SYS_UTSNAME_H 1
| #define HAVE_PWD_H 1
| #define HAVE_UTMP_H 1
| #define HAVE_SYS_SOCKET_H 1
| #define HAVE_STDLIB_H 1
| #define HAVE_UNISTD_H 1
| #define HAVE_SYS_PARAM_H 1
| #define HAVE_PTHREAD_H 1
| #define HAVE_SYS_UN_H 1
| #define HAVE_DIRENT_H 1
| #define HAVE_EXECINFO_H 1
| #define HAVE_STDIO_EXT_H 1
| #define HAVE_GETOPT_H 1
| #define HAVE_SYS_TIME_H 1
| #define HAVE_WCHAR_H 1
| #define HAVE_STDINT_H 1
| #define HAVE_INTTYPES_H 1
| #define HAVE_SYS_SELECT_H 1
| #define HAVE_SYS_STAT_H 1
| #define HAVE_UTIME_H 1
| #define HAVE_PERSONALITY_LINUX32 1
| #define TIME_WITH_SYS_TIME 1
| #define HAVE_DECL_SYS_SIGLIST 1
| #define HAVE_SYS_WAIT_H 1
| #define HAVE_NET_IF_H 1
| #define HAVE_IFADDRS_H 1
| #define HAVE_STRUCT_IFREQ_IFR_FLAGS 1
| #define HAVE_STRUCT_IFREQ_IFR_HWADDR 1
| #define HAVE_STRUCT_IFREQ_IFR_NETMASK 1
| #define HAVE_STRUCT_IFREQ_IFR_BROADADDR 1
| #define HAVE_STRUCT_IFREQ_IFR_ADDR 1
| #define HAVE_LONG_FILE_NAMES 1
| /* end confdefs.h.  */
| #include <X11/Xlib.h>
| int
| main ()
| {
| XrmInitialize ()
|   ;
|   return 0;
| }
configure:10103: result: no
configure:10777: checking for X
configure:10793: found /usr/bin/X
configure:10805: result: true
configure:10816: error: You seem to be running X, but no X development libraries
were found.  You should install the relevant development files for X
and for the toolkit you want, such as Gtk+ or Motif.  Also make
sure you have development files for image handling, i.e.
tiff, gif, jpeg, png and xpm.
If you are sure you want Emacs compiled without X window support, pass
  --without-x
to configure.

## ---------------- ##
## Cache variables. ##
## ---------------- ##

ac_cv_build=i686-pc-linux-gnu
ac_cv_c_compiler_gnu=yes
ac_cv_env_CC_set=
ac_cv_env_CC_value=
ac_cv_env_CFLAGS_set=
ac_cv_env_CFLAGS_value=
ac_cv_env_CPPFLAGS_set=
ac_cv_env_CPPFLAGS_value=
ac_cv_env_CPP_set=
ac_cv_env_CPP_value=
ac_cv_env_LDFLAGS_set=
ac_cv_env_LDFLAGS_value=
ac_cv_env_LIBS_set=
ac_cv_env_LIBS_value=
ac_cv_env_XMKMF_set=
ac_cv_env_XMKMF_value=
ac_cv_env_build_alias_set=
ac_cv_env_build_alias_value=
ac_cv_env_host_alias_set=
ac_cv_env_host_alias_value=
ac_cv_env_target_alias_set=
ac_cv_env_target_alias_value=
ac_cv_have_decl_sys_siglist=yes
ac_cv_have_x=have_x=no
ac_cv_header_coff_h=no
ac_cv_header_dirent_h=yes
ac_cv_header_execinfo_h=yes
ac_cv_header_getopt_h=yes
ac_cv_header_ifaddrs_h=yes
ac_cv_header_inttypes_h=yes
ac_cv_header_machine_soundcard_h=no
ac_cv_header_maillock_h=no
ac_cv_header_malloc_malloc_h=no
ac_cv_header_memory_h=yes
ac_cv_header_minix_config_h=no
ac_cv_header_mmsystem_h=no
ac_cv_header_net_if_dl_h=no
ac_cv_header_net_if_h=yes
ac_cv_header_pthread_h=yes
ac_cv_header_pty_h=yes
ac_cv_header_pwd_h=yes
ac_cv_header_soundcard_h=no
ac_cv_header_stdc=yes
ac_cv_header_stdint_h=yes
ac_cv_header_stdio_ext_h=yes
ac_cv_header_stdlib_h=yes
ac_cv_header_string_h=yes
ac_cv_header_strings_h=yes
ac_cv_header_sys_param_h=yes
ac_cv_header_sys_resource_h=yes
ac_cv_header_sys_select_h=yes
ac_cv_header_sys_socket_h=yes
ac_cv_header_sys_soundcard_h=yes
ac_cv_header_sys_stat_h=yes
ac_cv_header_sys_systeminfo_h=no
ac_cv_header_sys_time_h=yes
ac_cv_header_sys_types_h=yes
ac_cv_header_sys_un_h=yes
ac_cv_header_sys_utsname_h=yes
ac_cv_header_sys_wait_h=yes
ac_cv_header_term_h=no
ac_cv_header_time=yes
ac_cv_header_unistd_h=yes
ac_cv_header_util_h=no
ac_cv_header_utime_h=yes
ac_cv_header_utmp_h=yes
ac_cv_header_wchar_h=yes
ac_cv_host=i686-pc-linux-gnu
ac_cv_lib_ossaudio__oss_ioctl=no
ac_cv_member_struct_ifreq_ifr_addr=yes
ac_cv_member_struct_ifreq_ifr_addr_sa_len=no
ac_cv_member_struct_ifreq_ifr_broadaddr=yes
ac_cv_member_struct_ifreq_ifr_flags=yes
ac_cv_member_struct_ifreq_ifr_hwaddr=yes
ac_cv_member_struct_ifreq_ifr_netmask=yes
ac_cv_objext=o
ac_cv_path_EGREP='/bin/grep -E'
ac_cv_path_GREP=/bin/grep
ac_cv_path_GZIP_PROG=/bin/gzip
ac_cv_path_INSTALL_INFO=/usr/bin/install-info
ac_cv_path_MAKEINFO=no
ac_cv_path_PKG_CONFIG=/usr/bin/pkg-config
ac_cv_path_install='/usr/bin/install -c'
ac_cv_path_mkdir=/bin/mkdir
ac_cv_prog_AWK=mawk
ac_cv_prog_CPP='gcc -E'
ac_cv_prog_HAVE_XSERVER=true
ac_cv_prog_ac_ct_AR=ar
ac_cv_prog_ac_ct_CC=gcc
ac_cv_prog_ac_ct_RANLIB=ranlib
ac_cv_prog_cc_c89=
ac_cv_prog_cc_c99=
ac_cv_prog_cc_g=yes
ac_cv_prog_cc_stdc=
ac_cv_prog_make_make_set=yes
ac_cv_safe_to_define___extensions__=yes
ac_cv_should_define__xopen_source=no
ac_cv_sys_file_offset_bits=64
ac_cv_sys_largefile_CC=no
ac_cv_sys_long_file_names=yes
am_cv_CC_dependencies_compiler_type=gcc3
am_cv_make_support_nested_variables=yes
am_cv_prog_cc_c_o=yes
emacs_cv_clang=no
emacs_cv_personality_linux32=yes
emacs_cv_prog_cc_g3=yes
emacs_cv_prog_setfattr=no
emacs_cv_sanitize_address=no
gl_cv_c_amsterdam_compiler=no

## ----------------- ##
## Output variables. ##
## ----------------- ##

ACLOCAL='${SHELL} /home/sig/Downloads/emacs-24.5/build-aux/missing aclocal-1.14'
ADDSECTION=''
ALLOCA=''
ALLOCA_H=''
ALSA_CFLAGS=''
ALSA_LIBS=''
AMDEPBACKSLASH='\'
AMDEP_FALSE='#'
AMDEP_TRUE=''
AMTAR='$${TAR-tar}'
AM_BACKSLASH='\'
AM_DEFAULT_V='$(AM_DEFAULT_VERBOSITY)'
AM_DEFAULT_VERBOSITY='1'
AM_V='$(V)'
APPLE_UNIVERSAL_BUILD=''
AR='ar'
ARFLAGS='cru'
AUTOCONF='${SHELL} /home/sig/Downloads/emacs-24.5/build-aux/missing autoconf'
AUTOHEADER='${SHELL} /home/sig/Downloads/emacs-24.5/build-aux/missing autoheader'
AUTOMAKE='${SHELL} /home/sig/Downloads/emacs-24.5/build-aux/missing automake-1.14'
AWK='mawk'
BITSIZEOF_PTRDIFF_T=''
BITSIZEOF_SIG_ATOMIC_T=''
BITSIZEOF_SIZE_T=''
BITSIZEOF_WCHAR_T=''
BITSIZEOF_WINT_T=''
BLESSMAIL_TARGET=''
BUILDING_FOR_WINDOWSNT_FALSE=''
BUILDING_FOR_WINDOWSNT_TRUE='#'
BYTESWAP_H=''
CANNOT_DUMP='no'
CC='gcc'
CCDEPMODE='depmode=gcc3'
CFLAGS='-g3 -O2'
CFLAGS_SOUND=''
CLIENTRES=''
CLIENTW=''
CM_OBJ='cm.o'
COM_ERRLIB=''
CPP='gcc -E'
CPPFLAGS='  '
CRYPTOLIB=''
CYGPATH_W='echo'
CYGWIN_OBJ=''
C_SWITCH_MACHINE=''
C_SWITCH_SYSTEM=''
C_SWITCH_X_SITE=''
DBUS_CFLAGS=''
DBUS_LIBS=''
DBUS_OBJ=''
DEFS=''
DEPDIR='.deps'
DEPFLAGS='-MMD -MF ${DEPDIR}/$*.d -MP'
DESLIB=''
DOCMISC_W32=''
ECHO_C=''
ECHO_N='-n'
ECHO_T=''
EGREP='/bin/grep -E'
EMACSRES=''
EMACS_HEAPSIZE=''
EMACS_MANIFEST=''
EMULTIHOP_HIDDEN=''
EMULTIHOP_VALUE=''
ENOLINK_HIDDEN=''
ENOLINK_VALUE=''
EOVERFLOW_HIDDEN=''
EOVERFLOW_VALUE=''
ERRNO_H=''
EXECINFO_H=''
EXEEXT=''
FIRSTFILE_OBJ=''
FONTCONFIG_CFLAGS=''
FONTCONFIG_LIBS=''
FONT_OBJ=''
FREETYPE_CFLAGS=''
FREETYPE_LIBS=''
GCONF_CFLAGS=''
GCONF_LIBS=''
GETLOADAVG_LIBS=''
GETOPT_H=''
GFILENOTIFY_CFLAGS=''
GFILENOTIFY_LIBS=''
GL_COND_LIBTOOL_FALSE=''
GL_COND_LIBTOOL_TRUE=''
GL_GENERATE_ALLOCA_H_FALSE=''
GL_GENERATE_ALLOCA_H_TRUE=''
GL_GENERATE_BYTESWAP_H_FALSE=''
GL_GENERATE_BYTESWAP_H_TRUE=''
GL_GENERATE_ERRNO_H_FALSE=''
GL_GENERATE_ERRNO_H_TRUE=''
GL_GENERATE_EXECINFO_H_FALSE=''
GL_GENERATE_EXECINFO_H_TRUE=''
GL_GENERATE_STDALIGN_H_FALSE=''
GL_GENERATE_STDALIGN_H_TRUE=''
GL_GENERATE_STDARG_H_FALSE=''
GL_GENERATE_STDARG_H_TRUE=''
GL_GENERATE_STDBOOL_H_FALSE=''
GL_GENERATE_STDBOOL_H_TRUE=''
GL_GENERATE_STDDEF_H_FALSE=''
GL_GENERATE_STDDEF_H_TRUE=''
GL_GENERATE_STDINT_H_FALSE=''
GL_GENERATE_STDINT_H_TRUE=''
GMALLOC_OBJ=''
GNULIB_ALPHASORT=''
GNULIB_ATOLL=''
GNULIB_CALLOC_POSIX=''
GNULIB_CANONICALIZE_FILE_NAME=''
GNULIB_CHDIR=''
GNULIB_CHOWN=''
GNULIB_CLOSE=''
GNULIB_CLOSEDIR=''
GNULIB_DIRFD=''
GNULIB_DPRINTF=''
GNULIB_DUP2=''
GNULIB_DUP3=''
GNULIB_DUP=''
GNULIB_ENVIRON=''
GNULIB_EUIDACCESS=''
GNULIB_FACCESSAT=''
GNULIB_FCHDIR=''
GNULIB_FCHMODAT=''
GNULIB_FCHOWNAT=''
GNULIB_FCLOSE=''
GNULIB_FCNTL=''
GNULIB_FDATASYNC=''
GNULIB_FDOPEN=''
GNULIB_FDOPENDIR=''
GNULIB_FFLUSH=''
GNULIB_FFSL=''
GNULIB_FFSLL=''
GNULIB_FGETC=''
GNULIB_FGETS=''
GNULIB_FOPEN=''
GNULIB_FPRINTF=''
GNULIB_FPRINTF_POSIX=''
GNULIB_FPURGE=''
GNULIB_FPUTC=''
GNULIB_FPUTS=''
GNULIB_FREAD=''
GNULIB_FREOPEN=''
GNULIB_FSCANF=''
GNULIB_FSEEK=''
GNULIB_FSEEKO=''
GNULIB_FSTAT=''
GNULIB_FSTATAT=''
GNULIB_FSYNC=''
GNULIB_FTELL=''
GNULIB_FTELLO=''
GNULIB_FTRUNCATE=''
GNULIB_FUTIMENS=''
GNULIB_FWRITE=''
GNULIB_GETC=''
GNULIB_GETCHAR=''
GNULIB_GETCWD=''
GNULIB_GETDELIM=''
GNULIB_GETDOMAINNAME=''
GNULIB_GETDTABLESIZE=''
GNULIB_GETGROUPS=''
GNULIB_GETHOSTNAME=''
GNULIB_GETLINE=''
GNULIB_GETLOADAVG=''
GNULIB_GETLOGIN=''
GNULIB_GETLOGIN_R=''
GNULIB_GETPAGESIZE=''
GNULIB_GETSUBOPT=''
GNULIB_GETTIMEOFDAY=''
GNULIB_GETUSERSHELL=''
GNULIB_GL_UNISTD_H_GETOPT=''
GNULIB_GRANTPT=''
GNULIB_GROUP_MEMBER=''
GNULIB_IMAXABS=''
GNULIB_IMAXDIV=''
GNULIB_ISATTY=''
GNULIB_LCHMOD=''
GNULIB_LCHOWN=''
GNULIB_LINK=''
GNULIB_LINKAT=''
GNULIB_LSEEK=''
GNULIB_LSTAT=''
GNULIB_MALLOC_POSIX=''
GNULIB_MBSCASECMP=''
GNULIB_MBSCASESTR=''
GNULIB_MBSCHR=''
GNULIB_MBSCSPN=''
GNULIB_MBSLEN=''
GNULIB_MBSNCASECMP=''
GNULIB_MBSNLEN=''
GNULIB_MBSPBRK=''
GNULIB_MBSPCASECMP=''
GNULIB_MBSRCHR=''
GNULIB_MBSSEP=''
GNULIB_MBSSPN=''
GNULIB_MBSSTR=''
GNULIB_MBSTOK_R=''
GNULIB_MBTOWC=''
GNULIB_MEMCHR=''
GNULIB_MEMMEM=''
GNULIB_MEMPCPY=''
GNULIB_MEMRCHR=''
GNULIB_MKDIRAT=''
GNULIB_MKDTEMP=''
GNULIB_MKFIFO=''
GNULIB_MKFIFOAT=''
GNULIB_MKNOD=''
GNULIB_MKNODAT=''
GNULIB_MKOSTEMP=''
GNULIB_MKOSTEMPS=''
GNULIB_MKSTEMP=''
GNULIB_MKSTEMPS=''
GNULIB_MKTIME=''
GNULIB_NANOSLEEP=''
GNULIB_NONBLOCKING=''
GNULIB_OBSTACK_PRINTF=''
GNULIB_OBSTACK_PRINTF_POSIX=''
GNULIB_OPEN=''
GNULIB_OPENAT=''
GNULIB_OPENDIR=''
GNULIB_PCLOSE=''
GNULIB_PERROR=''
GNULIB_PIPE2=''
GNULIB_PIPE=''
GNULIB_POPEN=''
GNULIB_POSIX_OPENPT=''
GNULIB_PREAD=''
GNULIB_PRINTF=''
GNULIB_PRINTF_POSIX=''
GNULIB_PSELECT=''
GNULIB_PTHREAD_SIGMASK=''
GNULIB_PTSNAME=''
GNULIB_PTSNAME_R=''
GNULIB_PUTC=''
GNULIB_PUTCHAR=''
GNULIB_PUTENV=''
GNULIB_PUTS=''
GNULIB_PWRITE=''
GNULIB_RAISE=''
GNULIB_RANDOM=''
GNULIB_RANDOM_R=''
GNULIB_RAWMEMCHR=''
GNULIB_READ=''
GNULIB_READDIR=''
GNULIB_READLINK=''
GNULIB_READLINKAT=''
GNULIB_REALLOC_POSIX=''
GNULIB_REALPATH=''
GNULIB_REMOVE=''
GNULIB_RENAME=''
GNULIB_RENAMEAT=''
GNULIB_REWINDDIR=''
GNULIB_RMDIR=''
GNULIB_RPMATCH=''
GNULIB_SCANDIR=''
GNULIB_SCANF=''
GNULIB_SECURE_GETENV=''
GNULIB_SELECT=''
GNULIB_SETENV=''
GNULIB_SETHOSTNAME=''
GNULIB_SIGACTION=''
GNULIB_SIGNAL_H_SIGPIPE=''
GNULIB_SIGPROCMASK=''
GNULIB_SLEEP=''
GNULIB_SNPRINTF=''
GNULIB_SPRINTF_POSIX=''
GNULIB_STAT=''
GNULIB_STDIO_H_NONBLOCKING=''
GNULIB_STDIO_H_SIGPIPE=''
GNULIB_STPCPY=''
GNULIB_STPNCPY=''
GNULIB_STRCASESTR=''
GNULIB_STRCHRNUL=''
GNULIB_STRDUP=''
GNULIB_STRERROR=''
GNULIB_STRERROR_R=''
GNULIB_STRNCAT=''
GNULIB_STRNDUP=''
GNULIB_STRNLEN=''
GNULIB_STRPBRK=''
GNULIB_STRPTIME=''
GNULIB_STRSEP=''
GNULIB_STRSIGNAL=''
GNULIB_STRSTR=''
GNULIB_STRTOD=''
GNULIB_STRTOIMAX=''
GNULIB_STRTOK_R=''
GNULIB_STRTOLL=''
GNULIB_STRTOULL=''
GNULIB_STRTOUMAX=''
GNULIB_STRVERSCMP=''
GNULIB_SYMLINK=''
GNULIB_SYMLINKAT=''
GNULIB_SYSTEM_POSIX=''
GNULIB_TIMEGM=''
GNULIB_TIME_R=''
GNULIB_TMPFILE=''
GNULIB_TTYNAME_R=''
GNULIB_UNISTD_H_NONBLOCKING=''
GNULIB_UNISTD_H_SIGPIPE=''
GNULIB_UNLINK=''
GNULIB_UNLINKAT=''
GNULIB_UNLOCKPT=''
GNULIB_UNSETENV=''
GNULIB_USLEEP=''
GNULIB_UTIMENSAT=''
GNULIB_VASPRINTF=''
GNULIB_VDPRINTF=''
GNULIB_VFPRINTF=''
GNULIB_VFPRINTF_POSIX=''
GNULIB_VFSCANF=''
GNULIB_VPRINTF=''
GNULIB_VPRINTF_POSIX=''
GNULIB_VSCANF=''
GNULIB_VSNPRINTF=''
GNULIB_VSPRINTF_POSIX=''
GNULIB_WARN_CFLAGS=''
GNULIB_WCTOMB=''
GNULIB_WRITE=''
GNULIB__EXIT=''
GNUSTEP_CFLAGS=''
GNU_OBJC_CFLAGS=''
GOBJECT_CFLAGS=''
GOBJECT_LIBS=''
GREP='/bin/grep'
GSETTINGS_CFLAGS=''
GSETTINGS_LIBS=''
GTK_CFLAGS=''
GTK_LIBS=''
GTK_OBJ=''
GZIP_PROG='/bin/gzip'
HAVE_ALPHASORT=''
HAVE_ATOLL=''
HAVE_CANONICALIZE_FILE_NAME=''
HAVE_CHOWN=''
HAVE_CLOSEDIR=''
HAVE_DECL_DIRFD=''
HAVE_DECL_ENVIRON=''
HAVE_DECL_FCHDIR=''
HAVE_DECL_FDATASYNC=''
HAVE_DECL_FDOPENDIR=''
HAVE_DECL_FPURGE=''
HAVE_DECL_FSEEKO=''
HAVE_DECL_FTELLO=''
HAVE_DECL_GETDELIM=''
HAVE_DECL_GETDOMAINNAME=''
HAVE_DECL_GETLINE=''
HAVE_DECL_GETLOADAVG=''
HAVE_DECL_GETLOGIN_R=''
HAVE_DECL_GETPAGESIZE=''
HAVE_DECL_GETUSERSHELL=''
HAVE_DECL_IMAXABS=''
HAVE_DECL_IMAXDIV=''
HAVE_DECL_LOCALTIME_R=''
HAVE_DECL_MEMMEM=''
HAVE_DECL_MEMRCHR=''
HAVE_DECL_OBSTACK_PRINTF=''
HAVE_DECL_SETENV=''
HAVE_DECL_SETHOSTNAME=''
HAVE_DECL_SNPRINTF=''
HAVE_DECL_STRDUP=''
HAVE_DECL_STRERROR_R=''
HAVE_DECL_STRNDUP=''
HAVE_DECL_STRNLEN=''
HAVE_DECL_STRSIGNAL=''
HAVE_DECL_STRTOIMAX=''
HAVE_DECL_STRTOK_R=''
HAVE_DECL_STRTOUMAX=''
HAVE_DECL_TTYNAME_R=''
HAVE_DECL_UNSETENV=''
HAVE_DECL_VSNPRINTF=''
HAVE_DIRENT_H=''
HAVE_DPRINTF=''
HAVE_DUP2=''
HAVE_DUP3=''
HAVE_EUIDACCESS=''
HAVE_FACCESSAT=''
HAVE_FCHDIR=''
HAVE_FCHMODAT=''
HAVE_FCHOWNAT=''
HAVE_FCNTL=''
HAVE_FDATASYNC=''
HAVE_FDOPENDIR=''
HAVE_FFSL=''
HAVE_FFSLL=''
HAVE_FSEEKO=''
HAVE_FSTATAT=''
HAVE_FSYNC=''
HAVE_FTELLO=''
HAVE_FTRUNCATE=''
HAVE_FUTIMENS=''
HAVE_GETDTABLESIZE=''
HAVE_GETGROUPS=''
HAVE_GETHOSTNAME=''
HAVE_GETLOGIN=''
HAVE_GETOPT_H=''
HAVE_GETPAGESIZE=''
HAVE_GETSUBOPT=''
HAVE_GETTIMEOFDAY=''
HAVE_GRANTPT=''
HAVE_GROUP_MEMBER=''
HAVE_INTTYPES_H=''
HAVE_LCHMOD=''
HAVE_LCHOWN=''
HAVE_LINK=''
HAVE_LINKAT=''
HAVE_LONG_LONG_INT=''
HAVE_LSTAT=''
HAVE_MAKEINFO='yes'
HAVE_MBSLEN=''
HAVE_MEMCHR=''
HAVE_MEMPCPY=''
HAVE_MKDIRAT=''
HAVE_MKDTEMP=''
HAVE_MKFIFO=''
HAVE_MKFIFOAT=''
HAVE_MKNOD=''
HAVE_MKNODAT=''
HAVE_MKOSTEMP=''
HAVE_MKOSTEMPS=''
HAVE_MKSTEMP=''
HAVE_MKSTEMPS=''
HAVE_NANOSLEEP=''
HAVE_OPENAT=''
HAVE_OPENDIR=''
HAVE_OS_H=''
HAVE_PCLOSE=''
HAVE_PIPE2=''
HAVE_PIPE=''
HAVE_POPEN=''
HAVE_POSIX_OPENPT=''
HAVE_POSIX_SIGNALBLOCKING=''
HAVE_PREAD=''
HAVE_PSELECT=''
HAVE_PTHREAD_SIGMASK=''
HAVE_PTSNAME=''
HAVE_PTSNAME_R=''
HAVE_PWRITE=''
HAVE_RAISE=''
HAVE_RANDOM=''
HAVE_RANDOM_H=''
HAVE_RANDOM_R=''
HAVE_RAWMEMCHR=''
HAVE_READDIR=''
HAVE_READLINK=''
HAVE_READLINKAT=''
HAVE_REALPATH=''
HAVE_RENAMEAT=''
HAVE_REWINDDIR=''
HAVE_RPMATCH=''
HAVE_SCANDIR=''
HAVE_SECURE_GETENV=''
HAVE_SETENV=''
HAVE_SETHOSTNAME=''
HAVE_SIGACTION=''
HAVE_SIGHANDLER_T=''
HAVE_SIGINFO_T=''
HAVE_SIGNED_SIG_ATOMIC_T=''
HAVE_SIGNED_WCHAR_T=''
HAVE_SIGNED_WINT_T=''
HAVE_SIGSET_T=''
HAVE_SLEEP=''
HAVE_STDINT_H=''
HAVE_STPCPY=''
HAVE_STPNCPY=''
HAVE_STRCASESTR=''
HAVE_STRCHRNUL=''
HAVE_STRPBRK=''
HAVE_STRPTIME=''
HAVE_STRSEP=''
HAVE_STRTOD=''
HAVE_STRTOLL=''
HAVE_STRTOULL=''
HAVE_STRUCT_RANDOM_DATA=''
HAVE_STRUCT_SIGACTION_SA_SIGACTION=''
HAVE_STRUCT_TIMEVAL=''
HAVE_STRVERSCMP=''
HAVE_SYMLINK=''
HAVE_SYMLINKAT=''
HAVE_SYS_BITYPES_H=''
HAVE_SYS_INTTYPES_H=''
HAVE_SYS_LOADAVG_H=''
HAVE_SYS_PARAM_H=''
HAVE_SYS_SELECT_H=''
HAVE_SYS_TIME_H=''
HAVE_SYS_TYPES_H=''
HAVE_TIMEGM=''
HAVE_TYPE_VOLATILE_SIG_ATOMIC_T=''
HAVE_UNISTD_H=''
HAVE_UNLINKAT=''
HAVE_UNLOCKPT=''
HAVE_UNSIGNED_LONG_LONG_INT=''
HAVE_USLEEP=''
HAVE_UTIMENSAT=''
HAVE_VASPRINTF=''
HAVE_VDPRINTF=''
HAVE_WCHAR_H=''
HAVE_WCHAR_T=''
HAVE_WINSOCK2_H=''
HAVE_XSERVER='true'
HAVE__BOOL=''
HAVE__EXIT=''
IMAGEMAGICK_CFLAGS=''
IMAGEMAGICK_LIBS=''
INCLUDE_NEXT=''
INCLUDE_NEXT_AS_FIRST_DIRECTIVE=''
INFO_EXT='.info'
INFO_OPTS='--no-split'
INSTALL_ARCH_INDEP_EXTRA='install-etc'
INSTALL_DATA='${INSTALL} -m 644'
INSTALL_INFO='/usr/bin/install-info'
INSTALL_PROGRAM='${INSTALL}'
INSTALL_SCRIPT='${INSTALL}'
INSTALL_STRIP_PROGRAM='$(install_sh) -c -s'
INT32_MAX_LT_INTMAX_MAX=''
INT64_MAX_EQ_LONG_MAX=''
KRB4LIB=''
KRB5LIB=''
LDFLAGS=''
LD_SWITCH_SYSTEM=''
LD_SWITCH_SYSTEM_TEMACS=''
LD_SWITCH_X_SITE=''
LD_SWITCH_X_SITE_RPATH=''
LIBGIF=''
LIBGNUTLS_CFLAGS=''
LIBGNUTLS_LIBS=''
LIBGNU_LIBDEPS=''
LIBGNU_LTLIBDEPS=''
LIBGPM=''
LIBHESIOD=''
LIBINTL=''
LIBJPEG=''
LIBOBJS=''
LIBOTF_CFLAGS=''
LIBOTF_LIBS=''
LIBPNG=''
LIBRESOLV=''
LIBS=''
LIBSELINUX_LIBS=''
LIBSOUND=''
LIBS_ECLIENT=''
LIBS_GNUSTEP=''
LIBS_MAIL=''
LIBS_SYSTEM=''
LIBS_TERMCAP=''
LIBTIFF=''
LIBXMENU=''
LIBXML2_CFLAGS=''
LIBXML2_LIBS=''
LIBXMU=''
LIBXPM=''
LIBXSM=''
LIBXTR6=''
LIBXT_OTHER=''
LIBX_OTHER=''
LIBZ=''
LIB_ACL=''
LIB_CLOCK_GETTIME=''
LIB_EACCESS=''
LIB_EXECINFO=''
LIB_FDATASYNC=''
LIB_MATH='-lm'
LIB_PTHREAD=''
LIB_PTHREAD_SIGMASK=''
LIB_TIMER_TIME=''
LIB_WSOCK32=''
LN_S_FILEONLY='ln -s'
LTLIBINTL=''
LTLIBOBJS=''
M17N_FLT_CFLAGS=''
M17N_FLT_LIBS=''
MAKEINFO='makeinfo'
MAKE_PROG=''
MKDEPDIR='${MKDIR_P} ${DEPDIR}'
MKDIR_P='/bin/mkdir -p'
NEXT_AS_FIRST_DIRECTIVE_DIRENT_H=''
NEXT_AS_FIRST_DIRECTIVE_ERRNO_H=''
NEXT_AS_FIRST_DIRECTIVE_FCNTL_H=''
NEXT_AS_FIRST_DIRECTIVE_GETOPT_H=''
NEXT_AS_FIRST_DIRECTIVE_INTTYPES_H=''
NEXT_AS_FIRST_DIRECTIVE_SIGNAL_H=''
NEXT_AS_FIRST_DIRECTIVE_STDARG_H=''
NEXT_AS_FIRST_DIRECTIVE_STDDEF_H=''
NEXT_AS_FIRST_DIRECTIVE_STDINT_H=''
NEXT_AS_FIRST_DIRECTIVE_STDIO_H=''
NEXT_AS_FIRST_DIRECTIVE_STDLIB_H=''
NEXT_AS_FIRST_DIRECTIVE_STRING_H=''
NEXT_AS_FIRST_DIRECTIVE_SYS_SELECT_H=''
NEXT_AS_FIRST_DIRECTIVE_SYS_STAT_H=''
NEXT_AS_FIRST_DIRECTIVE_SYS_TIME_H=''
NEXT_AS_FIRST_DIRECTIVE_SYS_TYPES_H=''
NEXT_AS_FIRST_DIRECTIVE_TIME_H=''
NEXT_AS_FIRST_DIRECTIVE_UNISTD_H=''
NEXT_DIRENT_H=''
NEXT_ERRNO_H=''
NEXT_FCNTL_H=''
NEXT_GETOPT_H=''
NEXT_INTTYPES_H=''
NEXT_SIGNAL_H=''
NEXT_STDARG_H=''
NEXT_STDDEF_H=''
NEXT_STDINT_H=''
NEXT_STDIO_H=''
NEXT_STDLIB_H=''
NEXT_STRING_H=''
NEXT_SYS_SELECT_H=''
NEXT_SYS_STAT_H=''
NEXT_SYS_TIME_H=''
NEXT_SYS_TYPES_H=''
NEXT_TIME_H=''
NEXT_UNISTD_H=''
NOTIFY_OBJ=''
NS_OBJ=''
NS_OBJC_OBJ=''
NTDIR=''
NTLIB=''
OBJEXT='o'
OTHER_FILES=''
PACKAGE='emacs'
PACKAGE_BUGREPORT=''
PACKAGE_NAME='emacs'
PACKAGE_STRING='emacs 24.5'
PACKAGE_TARNAME='emacs'
PACKAGE_URL=''
PACKAGE_VERSION='24.5'
PATH_SEPARATOR=':'
PAXCTL=''
PKG_CONFIG='/usr/bin/pkg-config'
POST_ALLOC_OBJ=''
PRAGMA_COLUMNS=''
PRAGMA_SYSTEM_HEADER=''
PRE_ALLOC_OBJ=''
PRIPTR_PREFIX=''
PRI_MACROS_BROKEN=''
PROFILING_CFLAGS=''
PTHREAD_H_DEFINES_STRUCT_TIMESPEC=''
PTRDIFF_T_SUFFIX=''
RALLOC_OBJ=''
RANLIB='ranlib'
REPLACE_CALLOC=''
REPLACE_CANONICALIZE_FILE_NAME=''
REPLACE_CHOWN=''
REPLACE_CLOSE=''
REPLACE_CLOSEDIR=''
REPLACE_DIRFD=''
REPLACE_DPRINTF=''
REPLACE_DUP2=''
REPLACE_DUP=''
REPLACE_FCHOWNAT=''
REPLACE_FCLOSE=''
REPLACE_FCNTL=''
REPLACE_FDOPEN=''
REPLACE_FDOPENDIR=''
REPLACE_FFLUSH=''
REPLACE_FOPEN=''
REPLACE_FPRINTF=''
REPLACE_FPURGE=''
REPLACE_FREOPEN=''
REPLACE_FSEEK=''
REPLACE_FSEEKO=''
REPLACE_FSTAT=''
REPLACE_FSTATAT=''
REPLACE_FTELL=''
REPLACE_FTELLO=''
REPLACE_FTRUNCATE=''
REPLACE_FUTIMENS=''
REPLACE_GETCWD=''
REPLACE_GETDELIM=''
REPLACE_GETDOMAINNAME=''
REPLACE_GETDTABLESIZE=''
REPLACE_GETGROUPS=''
REPLACE_GETLINE=''
REPLACE_GETLOGIN_R=''
REPLACE_GETPAGESIZE=''
REPLACE_GETTIMEOFDAY=''
REPLACE_GMTIME=''
REPLACE_ISATTY=''
REPLACE_LCHOWN=''
REPLACE_LINK=''
REPLACE_LINKAT=''
REPLACE_LOCALTIME=''
REPLACE_LOCALTIME_R=''
REPLACE_LSEEK=''
REPLACE_LSTAT=''
REPLACE_MALLOC=''
REPLACE_MBTOWC=''
REPLACE_MEMCHR=''
REPLACE_MEMMEM=''
REPLACE_MKDIR=''
REPLACE_MKFIFO=''
REPLACE_MKNOD=''
REPLACE_MKSTEMP=''
REPLACE_MKTIME=''
REPLACE_NANOSLEEP=''
REPLACE_NULL=''
REPLACE_OBSTACK_PRINTF=''
REPLACE_OPEN=''
REPLACE_OPENAT=''
REPLACE_OPENDIR=''
REPLACE_PERROR=''
REPLACE_POPEN=''
REPLACE_PREAD=''
REPLACE_PRINTF=''
REPLACE_PSELECT=''
REPLACE_PTHREAD_SIGMASK=''
REPLACE_PTSNAME=''
REPLACE_PTSNAME_R=''
REPLACE_PUTENV=''
REPLACE_PWRITE=''
REPLACE_RAISE=''
REPLACE_RANDOM_R=''
REPLACE_READ=''
REPLACE_READLINK=''
REPLACE_REALLOC=''
REPLACE_REALPATH=''
REPLACE_REMOVE=''
REPLACE_RENAME=''
REPLACE_RENAMEAT=''
REPLACE_RMDIR=''
REPLACE_SELECT=''
REPLACE_SETENV=''
REPLACE_SLEEP=''
REPLACE_SNPRINTF=''
REPLACE_SPRINTF=''
REPLACE_STAT=''
REPLACE_STDIO_READ_FUNCS=''
REPLACE_STDIO_WRITE_FUNCS=''
REPLACE_STPNCPY=''
REPLACE_STRCASESTR=''
REPLACE_STRCHRNUL=''
REPLACE_STRDUP=''
REPLACE_STRERROR=''
REPLACE_STRERROR_R=''
REPLACE_STRNCAT=''
REPLACE_STRNDUP=''
REPLACE_STRNLEN=''
REPLACE_STRSIGNAL=''
REPLACE_STRSTR=''
REPLACE_STRTOD=''
REPLACE_STRTOIMAX=''
REPLACE_STRTOK_R=''
REPLACE_STRTOUMAX=''
REPLACE_STRUCT_TIMEVAL=''
REPLACE_SYMLINK=''
REPLACE_TIMEGM=''
REPLACE_TMPFILE=''
REPLACE_TTYNAME_R=''
REPLACE_UNLINK=''
REPLACE_UNLINKAT=''
REPLACE_UNSETENV=''
REPLACE_USLEEP=''
REPLACE_UTIMENSAT=''
REPLACE_VASPRINTF=''
REPLACE_VDPRINTF=''
REPLACE_VFPRINTF=''
REPLACE_VPRINTF=''
REPLACE_VSNPRINTF=''
REPLACE_VSPRINTF=''
REPLACE_WCTOMB=''
REPLACE_WRITE=''
RSVG_CFLAGS=''
RSVG_LIBS=''
SEPCHAR=''
SETFATTR=''
SETTINGS_CFLAGS=''
SETTINGS_LIBS=''
SET_MAKE=''
SHELL='/bin/bash'
SIG_ATOMIC_T_SUFFIX=''
SIZE_T_SUFFIX=''
STDALIGN_H=''
STDARG_H=''
STDBOOL_H=''
STDDEF_H=''
STDINT_H=''
STRIP=''
SUBDIR_MAKEFILES_IN=''
SYS_TIME_H_DEFINES_STRUCT_TIMESPEC=''
TEMACS_POST_LINK=''
TERMCAP_OBJ=''
TIME_H_DEFINES_STRUCT_TIMESPEC=''
TOOLKIT_LIBW=''
UINT32_MAX_LT_UINTMAX_MAX=''
UINT64_MAX_EQ_ULONG_MAX=''
UNDEFINE_STRTOK_R=''
UNEXEC_OBJ='unexelf.o'
UNISTD_H_HAVE_WINSOCK2_H=''
UNISTD_H_HAVE_WINSOCK2_H_AND_USE_SOCKETS=''
UPDATE_MANIFEST=''
USE_ACL=''
VERSION='24.5'
VMLIMIT_OBJ=''
W32_LIBS=''
W32_OBJ=''
W32_RES_LINK=''
WARN_CFLAGS=''
WCHAR_T_SUFFIX=''
WERROR_CFLAGS=''
WIDGET_OBJ=''
WINDOWS_64_BIT_OFF_T=''
WINDOWS_64_BIT_ST_SIZE=''
WINDOW_SYSTEM_OBJ=''
WINDRES=''
WINT_T_SUFFIX=''
XARGS_LIMIT=''
XCRUN=''
XFT_CFLAGS=''
XFT_LIBS=''
XGSELOBJ=''
XINERAMA_CFLAGS=''
XINERAMA_LIBS=''
XMENU_OBJ=''
XMKMF=''
XOBJ=''
XRANDR_CFLAGS=''
XRANDR_LIBS=''
X_TOOLKIT_TYPE=''
ac_ct_CC='gcc'
am__EXEEXT_FALSE=''
am__EXEEXT_TRUE=''
am__fastdepCC_FALSE='#'
am__fastdepCC_TRUE=''
am__include='include'
am__isrc=''
am__leading_dot='.'
am__nodep='_no'
am__quote=''
am__tar='$${TAR-tar} chof - "$$tardir"'
am__untar='$${TAR-tar} xf -'
archlibdir='${libexecdir}/emacs/${version}/${configuration}'
bindir='${exec_prefix}/bin'
bitmapdir=''
build='i686-pc-linux-gnu'
build_alias=''
build_cpu='i686'
build_os='linux-gnu'
build_vendor='pc'
cache_file='/dev/null'
canonical='i686-pc-linux-gnu'
configuration='i686-pc-linux-gnu'
copyright=''
datadir='${datarootdir}'
datarootdir='${prefix}/share'
docdir='${datarootdir}/doc/${PACKAGE_TARNAME}'
dvidir='${docdir}'
etcdir='${datadir}/emacs/${version}/etc'
etcdocdir='${datadir}/emacs/${version}/etc'
exec_prefix='NONE'
gamedir='${localstatedir}/games/emacs'
gameuser='games'
gl_GNULIB_ENABLED_03e0aaad4cb89ca757653bd367a6ccb7_FALSE=''
gl_GNULIB_ENABLED_03e0aaad4cb89ca757653bd367a6ccb7_TRUE=''
gl_GNULIB_ENABLED_260941c0e5dc67ec9e87d1fb321c300b_FALSE=''
gl_GNULIB_ENABLED_260941c0e5dc67ec9e87d1fb321c300b_TRUE=''
gl_GNULIB_ENABLED_6099e9737f757db36c47fa9d9f02e88c_FALSE=''
gl_GNULIB_ENABLED_6099e9737f757db36c47fa9d9f02e88c_TRUE=''
gl_GNULIB_ENABLED_682e609604ccaac6be382e4ee3a4eaec_FALSE=''
gl_GNULIB_ENABLED_682e609604ccaac6be382e4ee3a4eaec_TRUE=''
gl_GNULIB_ENABLED_a9786850e999ae65a836a6041e8e5ed1_FALSE=''
gl_GNULIB_ENABLED_a9786850e999ae65a836a6041e8e5ed1_TRUE=''
gl_GNULIB_ENABLED_be453cec5eecf5731a274f2de7f2db36_FALSE=''
gl_GNULIB_ENABLED_be453cec5eecf5731a274f2de7f2db36_TRUE=''
gl_GNULIB_ENABLED_dosname_FALSE=''
gl_GNULIB_ENABLED_dosname_TRUE=''
gl_GNULIB_ENABLED_euidaccess_FALSE=''
gl_GNULIB_ENABLED_euidaccess_TRUE=''
gl_GNULIB_ENABLED_getdtablesize_FALSE=''
gl_GNULIB_ENABLED_getdtablesize_TRUE=''
gl_GNULIB_ENABLED_getgroups_FALSE=''
gl_GNULIB_ENABLED_getgroups_TRUE=''
gl_GNULIB_ENABLED_pathmax_FALSE=''
gl_GNULIB_ENABLED_pathmax_TRUE=''
gl_GNULIB_ENABLED_secure_getenv_FALSE=''
gl_GNULIB_ENABLED_secure_getenv_TRUE=''
gl_GNULIB_ENABLED_stat_FALSE=''
gl_GNULIB_ENABLED_stat_TRUE=''
gl_GNULIB_ENABLED_strtoll_FALSE=''
gl_GNULIB_ENABLED_strtoll_TRUE=''
gl_GNULIB_ENABLED_strtoull_FALSE=''
gl_GNULIB_ENABLED_strtoull_TRUE=''
gl_GNULIB_ENABLED_tempname_FALSE=''
gl_GNULIB_ENABLED_tempname_TRUE=''
gl_LIBOBJS=''
gl_LTLIBOBJS=''
gltests_LIBOBJS=''
gltests_LTLIBOBJS=''
gltests_WITNESS=''
host='i686-pc-linux-gnu'
host_alias=''
host_cpu='i686'
host_os='linux-gnu'
host_vendor='pc'
htmldir='${docdir}'
includedir='${prefix}/include'
infodir='${datarootdir}/info'
install_sh='${SHELL} /home/sig/Downloads/emacs-24.5/build-aux/install-sh'
libdir='${exec_prefix}/lib'
libexecdir='${exec_prefix}/libexec'
liblockfile=''
lispdir='${datadir}/emacs/${version}/lisp'
lisppath='${locallisppath}:${standardlisppath}'
localedir='${datarootdir}/locale'
locallisppath='${datadir}/emacs/${version}/site-lisp:${datadir}/emacs/site-lisp'
localstatedir='${prefix}/var'
mandir='${datarootdir}/man'
mkdir_p='$(MKDIR_P)'
ns_appbindir=''
ns_appdir=''
ns_appresdir=''
ns_appsrc=''
ns_check_file=''
ns_self_contained='no'
oldincludedir='/usr/include'
pdfdir='${docdir}'
prefix='NONE'
program_transform_name='s,x,x,'
psdir='${docdir}'
sbindir='${exec_prefix}/sbin'
sharedstatedir='${prefix}/com'
srcdir='.'
standardlisppath='${lispdir}'
sysconfdir='${prefix}/etc'
target_alias=''
version=''
x_default_search_path=''

## ------------------- ##
## File substitutions. ##
## ------------------- ##

deps_frag='./src/autodeps.mk'
lisp_frag='./src/lisp.mk'

## ----------- ##
## confdefs.h. ##
## ----------- ##

/* confdefs.h */
#define PACKAGE_NAME "emacs"
#define PACKAGE_TARNAME "emacs"
#define PACKAGE_VERSION "24.5"
#define PACKAGE_STRING "emacs 24.5"
#define PACKAGE_BUGREPORT ""
#define PACKAGE_URL ""
#define PACKAGE "emacs"
#define VERSION "24.5"
#define MAIL_USE_POP 1
#define STDC_HEADERS 1
#define HAVE_SYS_TYPES_H 1
#define HAVE_SYS_STAT_H 1
#define HAVE_STDLIB_H 1
#define HAVE_STRING_H 1
#define HAVE_MEMORY_H 1
#define HAVE_STRINGS_H 1
#define HAVE_INTTYPES_H 1
#define HAVE_STDINT_H 1
#define HAVE_UNISTD_H 1
#define __EXTENSIONS__ 1
#define _ALL_SOURCE 1
#define _DARWIN_C_SOURCE 1
#define _GNU_SOURCE 1
#define _POSIX_PTHREAD_SEMANTICS 1
#define _TANDEM_SOURCE 1
#define _FILE_OFFSET_BITS 64
#define _DARWIN_USE_64_BIT_INODE 1
#define SYSTEM_TYPE "gnu/linux"
#define HAVE_SYS_SOUNDCARD_H 1
#define HAVE_SOUND 1
#define HAVE_PTY_H 1
#define HAVE_SYS_RESOURCE_H 1
#define HAVE_SYS_UTSNAME_H 1
#define HAVE_PWD_H 1
#define HAVE_UTMP_H 1
#define HAVE_SYS_SOCKET_H 1
#define HAVE_STDLIB_H 1
#define HAVE_UNISTD_H 1
#define HAVE_SYS_PARAM_H 1
#define HAVE_PTHREAD_H 1
#define HAVE_SYS_UN_H 1
#define HAVE_DIRENT_H 1
#define HAVE_EXECINFO_H 1
#define HAVE_STDIO_EXT_H 1
#define HAVE_GETOPT_H 1
#define HAVE_SYS_TIME_H 1
#define HAVE_WCHAR_H 1
#define HAVE_STDINT_H 1
#define HAVE_INTTYPES_H 1
#define HAVE_SYS_SELECT_H 1
#define HAVE_SYS_STAT_H 1
#define HAVE_UTIME_H 1
#define HAVE_PERSONALITY_LINUX32 1
#define TIME_WITH_SYS_TIME 1
#define HAVE_DECL_SYS_SIGLIST 1
#define HAVE_SYS_WAIT_H 1
#define HAVE_NET_IF_H 1
#define HAVE_IFADDRS_H 1
#define HAVE_STRUCT_IFREQ_IFR_FLAGS 1
#define HAVE_STRUCT_IFREQ_IFR_HWADDR 1
#define HAVE_STRUCT_IFREQ_IFR_NETMASK 1
#define HAVE_STRUCT_IFREQ_IFR_BROADADDR 1
#define HAVE_STRUCT_IFREQ_IFR_ADDR 1
#define HAVE_LONG_FILE_NAMES 1

configure: exit 1
